{"/Users/plenitude/Projetos/tdd/TDD-ES6-Starter/components/calculator.js": {"path":"/Users/plenitude/Projetos/tdd/TDD-ES6-Starter/components/calculator.js","statementMap":{"0":{"start":{"line":6,"column":2},"end":{"line":6,"column":13}}},"fnMap":{"0":{"name":"(anonymous_0)","decl":{"start":{"line":3,"column":1},"end":{"line":3,"column":2}},"loc":{"start":{"line":3,"column":13},"end":{"line":3,"column":15}},"line":3},"1":{"name":"(anonymous_1)","decl":{"start":{"line":5,"column":1},"end":{"line":5,"column":2}},"loc":{"start":{"line":5,"column":11},"end":{"line":7,"column":2}},"line":5}},"branchMap":{},"s":{"0":1},"f":{"0":0,"1":1},"b":{},"_coverageSchema":"332fd63041d2c1bcb487cc26dd0d5f7d97098a6c","hash":"80723b57c203f07808c981c0a8c45e92cb38b738"}
,"/Users/plenitude/Projetos/tdd/TDD-ES6-Starter/components/sum.js": {"path":"/Users/plenitude/Projetos/tdd/TDD-ES6-Starter/components/sum.js","statementMap":{"0":{"start":{"line":2,"column":2},"end":{"line":2,"column":15}}},"fnMap":{"0":{"name":"sum","decl":{"start":{"line":1,"column":16},"end":{"line":1,"column":19}},"loc":{"start":{"line":1,"column":26},"end":{"line":3,"column":1}},"line":1}},"branchMap":{},"s":{"0":1},"f":{"0":1},"b":{},"_coverageSchema":"332fd63041d2c1bcb487cc26dd0d5f7d97098a6c","hash":"11fcbf5d943e4d72f97bfb94d4825e56562b3300"}
}
