{"C:\\Projetos\\tdd\\jest\\components\\calculator.js": {"path":"C:\\Projetos\\tdd\\jest\\components\\calculator.js","statementMap":{"0":{"start":{"line":6,"column":2},"end":{"line":6,"column":13}}},"fnMap":{"0":{"name":"(anonymous_0)","decl":{"start":{"line":3,"column":1},"end":{"line":3,"column":2}},"loc":{"start":{"line":3,"column":13},"end":{"line":3,"column":15}},"line":3},"1":{"name":"(anonymous_1)","decl":{"start":{"line":5,"column":1},"end":{"line":5,"column":2}},"loc":{"start":{"line":5,"column":11},"end":{"line":7,"column":2}},"line":5}},"branchMap":{},"s":{"0":1},"f":{"0":0,"1":1},"b":{},"_coverageSchema":"332fd63041d2c1bcb487cc26dd0d5f7d97098a6c","hash":"18fe6e5eaa36e410ec425c4a7e61cdc10a0bf955"}
,"C:\\Projetos\\tdd\\jest\\components\\sum.js": {"path":"C:\\Projetos\\tdd\\jest\\components\\sum.js","statementMap":{"0":{"start":{"line":2,"column":2},"end":{"line":2,"column":15}}},"fnMap":{"0":{"name":"sum","decl":{"start":{"line":1,"column":16},"end":{"line":1,"column":19}},"loc":{"start":{"line":1,"column":26},"end":{"line":3,"column":1}},"line":1}},"branchMap":{},"s":{"0":1},"f":{"0":1},"b":{},"_coverageSchema":"332fd63041d2c1bcb487cc26dd0d5f7d97098a6c","hash":"b2dcdfc6ef709a46b3a291b1130d3c8c5037c408"}
,"C:\\Projetos\\tdd\\jest\\node_modules__old\\glob-parent\\index.js": {"path":"C:\\Projetos\\tdd\\jest\\node_modules__old\\glob-parent\\index.js","statementMap":{"0":{"start":{"line":3,"column":11},"end":{"line":3,"column":26}},"1":{"start":{"line":4,"column":13},"end":{"line":4,"column":31}},"2":{"start":{"line":6,"column":0},"end":{"line":10,"column":2}},"3":{"start":{"line":7,"column":1},"end":{"line":7,"column":12}},"4":{"start":{"line":8,"column":1},"end":{"line":8,"column":50}},"5":{"start":{"line":8,"column":5},"end":{"line":8,"column":28}},"6":{"start":{"line":9,"column":1},"end":{"line":9,"column":12}}},"fnMap":{"0":{"name":"globParent","decl":{"start":{"line":6,"column":26},"end":{"line":6,"column":36}},"loc":{"start":{"line":6,"column":42},"end":{"line":10,"column":1}},"line":6}},"branchMap":{},"s":{"0":1,"1":1,"2":1,"3":16,"4":16,"5":20,"6":16},"f":{"0":16},"b":{},"_coverageSchema":"332fd63041d2c1bcb487cc26dd0d5f7d97098a6c","hash":"069ccb0e91cc86908ea1fca5594bb8489a38c4ba"}
,"C:\\Projetos\\tdd\\jest\\node_modules__old\\source-map-support\\source-map-support.js": {"path":"C:\\Projetos\\tdd\\jest\\node_modules__old\\source-map-support\\source-map-support.js","statementMap":{"0":{"start":{"line":1,"column":24},"end":{"line":1,"column":63}},"1":{"start":{"line":2,"column":11},"end":{"line":2,"column":26}},"2":{"start":{"line":5,"column":0},"end":{"line":13,"column":1}},"3":{"start":{"line":6,"column":2},"end":{"line":6,"column":21}},"4":{"start":{"line":7,"column":2},"end":{"line":10,"column":3}},"5":{"start":{"line":9,"column":4},"end":{"line":9,"column":14}},"6":{"start":{"line":16,"column":30},"end":{"line":16,"column":35}},"7":{"start":{"line":17,"column":28},"end":{"line":17,"column":33}},"8":{"start":{"line":20,"column":34},"end":{"line":20,"column":39}},"9":{"start":{"line":23,"column":18},"end":{"line":23,"column":24}},"10":{"start":{"line":26,"column":24},"end":{"line":26,"column":26}},"11":{"start":{"line":29,"column":21},"end":{"line":29,"column":23}},"12":{"start":{"line":32,"column":18},"end":{"line":32,"column":55}},"13":{"start":{"line":35,"column":27},"end":{"line":35,"column":29}},"14":{"start":{"line":36,"column":26},"end":{"line":36,"column":28}},"15":{"start":{"line":39,"column":2},"end":{"line":40,"column":16}},"16":{"start":{"line":40,"column":4},"end":{"line":40,"column":16}},"17":{"start":{"line":41,"column":2},"end":{"line":42,"column":17}},"18":{"start":{"line":42,"column":4},"end":{"line":42,"column":17}},"19":{"start":{"line":43,"column":2},"end":{"line":43,"column":179}},"20":{"start":{"line":47,"column":2},"end":{"line":47,"column":101}},"21":{"start":{"line":51,"column":2},"end":{"line":59,"column":4}},"22":{"start":{"line":52,"column":4},"end":{"line":57,"column":5}},"23":{"start":{"line":53,"column":16},"end":{"line":53,"column":28}},"24":{"start":{"line":54,"column":6},"end":{"line":56,"column":7}},"25":{"start":{"line":55,"column":8},"end":{"line":55,"column":19}},"26":{"start":{"line":58,"column":4},"end":{"line":58,"column":16}},"27":{"start":{"line":62,"column":19},"end":{"line":62,"column":52}},"28":{"start":{"line":64,"column":0},"end":{"line":87,"column":3}},"29":{"start":{"line":66,"column":2},"end":{"line":66,"column":21}},"30":{"start":{"line":67,"column":2},"end":{"line":69,"column":3}},"31":{"start":{"line":68,"column":4},"end":{"line":68,"column":35}},"32":{"start":{"line":71,"column":17},"end":{"line":71,"column":21}},"33":{"start":{"line":72,"column":2},"end":{"line":84,"column":3}},"34":{"start":{"line":74,"column":14},"end":{"line":74,"column":34}},"35":{"start":{"line":75,"column":4},"end":{"line":75,"column":33}},"36":{"start":{"line":76,"column":4},"end":{"line":76,"column":19}},"37":{"start":{"line":77,"column":19},"end":{"line":77,"column":23}},"38":{"start":{"line":78,"column":4},"end":{"line":80,"column":5}},"39":{"start":{"line":79,"column":6},"end":{"line":79,"column":33}},"40":{"start":{"line":81,"column":9},"end":{"line":84,"column":3}},"41":{"start":{"line":83,"column":4},"end":{"line":83,"column":45}},"42":{"start":{"line":86,"column":2},"end":{"line":86,"column":44}},"43":{"start":{"line":92,"column":2},"end":{"line":92,"column":24}},"44":{"start":{"line":92,"column":13},"end":{"line":92,"column":24}},"45":{"start":{"line":93,"column":12},"end":{"line":93,"column":30}},"46":{"start":{"line":94,"column":14},"end":{"line":94,"column":41}},"47":{"start":{"line":95,"column":17},"end":{"line":95,"column":38}},"48":{"start":{"line":96,"column":2},"end":{"line":96,"column":66}},"49":{"start":{"line":102,"column":2},"end":{"line":117,"column":3}},"50":{"start":{"line":103,"column":5},"end":{"line":116,"column":6}},"51":{"start":{"line":104,"column":17},"end":{"line":104,"column":37}},"52":{"start":{"line":105,"column":7},"end":{"line":105,"column":38}},"53":{"start":{"line":106,"column":7},"end":{"line":106,"column":22}},"54":{"start":{"line":107,"column":7},"end":{"line":107,"column":65}},"55":{"start":{"line":110,"column":29},"end":{"line":111,"column":65}},"56":{"start":{"line":112,"column":7},"end":{"line":114,"column":8}},"57":{"start":{"line":113,"column":9},"end":{"line":113,"column":32}},"58":{"start":{"line":120,"column":2},"end":{"line":120,"column":34}},"59":{"start":{"line":121,"column":11},"end":{"line":121,"column":134}},"60":{"start":{"line":125,"column":2},"end":{"line":125,"column":54}},"61":{"start":{"line":125,"column":36},"end":{"line":125,"column":54}},"62":{"start":{"line":126,"column":2},"end":{"line":126,"column":30}},"63":{"start":{"line":126,"column":18},"end":{"line":126,"column":30}},"64":{"start":{"line":127,"column":2},"end":{"line":127,"column":22}},"65":{"start":{"line":135,"column":24},"end":{"line":135,"column":56}},"66":{"start":{"line":136,"column":0},"end":{"line":161,"column":3}},"67":{"start":{"line":137,"column":25},"end":{"line":137,"column":53}},"68":{"start":{"line":138,"column":2},"end":{"line":138,"column":37}},"69":{"start":{"line":138,"column":25},"end":{"line":138,"column":37}},"70":{"start":{"line":142,"column":2},"end":{"line":151,"column":3}},"71":{"start":{"line":144,"column":18},"end":{"line":144,"column":75}},"72":{"start":{"line":145,"column":4},"end":{"line":145,"column":61}},"73":{"start":{"line":146,"column":4},"end":{"line":146,"column":30}},"74":{"start":{"line":149,"column":4},"end":{"line":149,"column":68}},"75":{"start":{"line":150,"column":4},"end":{"line":150,"column":51}},"76":{"start":{"line":153,"column":2},"end":{"line":155,"column":3}},"77":{"start":{"line":154,"column":4},"end":{"line":154,"column":16}},"78":{"start":{"line":157,"column":2},"end":{"line":160,"column":4}},"79":{"start":{"line":164,"column":18},"end":{"line":164,"column":49}},"80":{"start":{"line":165,"column":2},"end":{"line":191,"column":3}},"81":{"start":{"line":167,"column":20},"end":{"line":167,"column":54}},"82":{"start":{"line":168,"column":4},"end":{"line":190,"column":5}},"83":{"start":{"line":169,"column":6},"end":{"line":172,"column":8}},"84":{"start":{"line":176,"column":6},"end":{"line":184,"column":7}},"85":{"start":{"line":177,"column":8},"end":{"line":183,"column":11}},"86":{"start":{"line":178,"column":25},"end":{"line":178,"column":56}},"87":{"start":{"line":179,"column":10},"end":{"line":182,"column":11}},"88":{"start":{"line":180,"column":22},"end":{"line":180,"column":63}},"89":{"start":{"line":181,"column":12},"end":{"line":181,"column":46}},"90":{"start":{"line":186,"column":6},"end":{"line":189,"column":8}},"91":{"start":{"line":194,"column":2},"end":{"line":207,"column":3}},"92":{"start":{"line":195,"column":27},"end":{"line":195,"column":70}},"93":{"start":{"line":202,"column":4},"end":{"line":206,"column":5}},"94":{"start":{"line":203,"column":6},"end":{"line":204,"column":48}},"95":{"start":{"line":205,"column":6},"end":{"line":205,"column":30}},"96":{"start":{"line":209,"column":2},"end":{"line":209,"column":18}},"97":{"start":{"line":216,"column":14},"end":{"line":216,"column":67}},"98":{"start":{"line":217,"column":2},"end":{"line":225,"column":3}},"99":{"start":{"line":218,"column":19},"end":{"line":222,"column":6}},"100":{"start":{"line":223,"column":4},"end":{"line":224,"column":56}},"101":{"start":{"line":228,"column":2},"end":{"line":228,"column":52}},"102":{"start":{"line":229,"column":2},"end":{"line":231,"column":3}},"103":{"start":{"line":230,"column":4},"end":{"line":230,"column":72}},"104":{"start":{"line":234,"column":2},"end":{"line":234,"column":16}},"105":{"start":{"line":245,"column":21},"end":{"line":245,"column":23}},"106":{"start":{"line":246,"column":2},"end":{"line":271,"column":3}},"107":{"start":{"line":247,"column":4},"end":{"line":247,"column":28}},"108":{"start":{"line":249,"column":4},"end":{"line":249,"column":47}},"109":{"start":{"line":250,"column":4},"end":{"line":253,"column":5}},"110":{"start":{"line":251,"column":6},"end":{"line":251,"column":42}},"111":{"start":{"line":252,"column":6},"end":{"line":252,"column":27}},"112":{"start":{"line":255,"column":4},"end":{"line":262,"column":5}},"113":{"start":{"line":256,"column":6},"end":{"line":256,"column":31}},"114":{"start":{"line":261,"column":6},"end":{"line":261,"column":36}},"115":{"start":{"line":263,"column":21},"end":{"line":263,"column":41}},"116":{"start":{"line":264,"column":4},"end":{"line":270,"column":5}},"117":{"start":{"line":265,"column":6},"end":{"line":265,"column":39}},"118":{"start":{"line":266,"column":25},"end":{"line":266,"column":47}},"119":{"start":{"line":267,"column":6},"end":{"line":269,"column":7}},"120":{"start":{"line":268,"column":8},"end":{"line":268,"column":43}},"121":{"start":{"line":273,"column":13},"end":{"line":273,"column":15}},"122":{"start":{"line":274,"column":21},"end":{"line":274,"column":43}},"123":{"start":{"line":275,"column":18},"end":{"line":275,"column":22}},"124":{"start":{"line":276,"column":22},"end":{"line":276,"column":42}},"125":{"start":{"line":277,"column":21},"end":{"line":277,"column":58}},"126":{"start":{"line":278,"column":2},"end":{"line":303,"column":3}},"127":{"start":{"line":279,"column":19},"end":{"line":279,"column":37}},"128":{"start":{"line":281,"column":4},"end":{"line":283,"column":5}},"129":{"start":{"line":282,"column":6},"end":{"line":282,"column":24}},"130":{"start":{"line":284,"column":21},"end":{"line":284,"column":41}},"131":{"start":{"line":285,"column":4},"end":{"line":295,"column":5}},"132":{"start":{"line":286,"column":6},"end":{"line":288,"column":7}},"133":{"start":{"line":287,"column":8},"end":{"line":287,"column":31}},"134":{"start":{"line":289,"column":6},"end":{"line":289,"column":27}},"135":{"start":{"line":290,"column":6},"end":{"line":292,"column":7}},"136":{"start":{"line":291,"column":8},"end":{"line":291,"column":43}},"137":{"start":{"line":294,"column":6},"end":{"line":294,"column":61}},"138":{"start":{"line":296,"column":9},"end":{"line":303,"column":3}},"139":{"start":{"line":297,"column":4},"end":{"line":297,"column":53}},"140":{"start":{"line":298,"column":9},"end":{"line":303,"column":3}},"141":{"start":{"line":299,"column":4},"end":{"line":299,"column":25}},"142":{"start":{"line":301,"column":4},"end":{"line":301,"column":25}},"143":{"start":{"line":302,"column":4},"end":{"line":302,"column":22}},"144":{"start":{"line":304,"column":2},"end":{"line":306,"column":3}},"145":{"start":{"line":305,"column":4},"end":{"line":305,"column":38}},"146":{"start":{"line":307,"column":2},"end":{"line":307,"column":14}},"147":{"start":{"line":311,"column":15},"end":{"line":311,"column":17}},"148":{"start":{"line":312,"column":2},"end":{"line":314,"column":5}},"149":{"start":{"line":313,"column":4},"end":{"line":313,"column":107}},"150":{"start":{"line":313,"column":59},"end":{"line":313,"column":90}},"151":{"start":{"line":315,"column":2},"end":{"line":315,"column":37}},"152":{"start":{"line":316,"column":2},"end":{"line":316,"column":16}},"153":{"start":{"line":320,"column":2},"end":{"line":322,"column":3}},"154":{"start":{"line":321,"column":4},"end":{"line":321,"column":17}},"155":{"start":{"line":327,"column":15},"end":{"line":327,"column":70}},"156":{"start":{"line":328,"column":2},"end":{"line":349,"column":3}},"157":{"start":{"line":329,"column":15},"end":{"line":329,"column":36}},"158":{"start":{"line":330,"column":17},"end":{"line":330,"column":44}},"159":{"start":{"line":334,"column":4},"end":{"line":336,"column":5}},"160":{"start":{"line":335,"column":6},"end":{"line":335,"column":19}},"161":{"start":{"line":338,"column":19},"end":{"line":342,"column":6}},"162":{"start":{"line":343,"column":4},"end":{"line":343,"column":33}},"163":{"start":{"line":344,"column":4},"end":{"line":344,"column":63}},"164":{"start":{"line":344,"column":37},"end":{"line":344,"column":60}},"165":{"start":{"line":345,"column":4},"end":{"line":345,"column":63}},"166":{"start":{"line":345,"column":39},"end":{"line":345,"column":60}},"167":{"start":{"line":346,"column":4},"end":{"line":346,"column":71}},"168":{"start":{"line":346,"column":41},"end":{"line":346,"column":68}},"169":{"start":{"line":347,"column":4},"end":{"line":347,"column":76}},"170":{"start":{"line":347,"column":50},"end":{"line":347,"column":73}},"171":{"start":{"line":348,"column":4},"end":{"line":348,"column":17}},"172":{"start":{"line":352,"column":15},"end":{"line":352,"column":54}},"173":{"start":{"line":353,"column":2},"end":{"line":358,"column":3}},"174":{"start":{"line":354,"column":4},"end":{"line":354,"column":35}},"175":{"start":{"line":355,"column":4},"end":{"line":355,"column":33}},"176":{"start":{"line":356,"column":4},"end":{"line":356,"column":56}},"177":{"start":{"line":356,"column":39},"end":{"line":356,"column":53}},"178":{"start":{"line":357,"column":4},"end":{"line":357,"column":17}},"179":{"start":{"line":361,"column":2},"end":{"line":361,"column":15}},"180":{"start":{"line":367,"column":2},"end":{"line":370,"column":3}},"181":{"start":{"line":368,"column":4},"end":{"line":368,"column":27}},"182":{"start":{"line":369,"column":4},"end":{"line":369,"column":24}},"183":{"start":{"line":372,"column":2},"end":{"line":374,"column":14}},"184":{"start":{"line":373,"column":4},"end":{"line":373,"column":45}},"185":{"start":{"line":379,"column":14},"end":{"line":379,"column":69}},"186":{"start":{"line":380,"column":2},"end":{"line":401,"column":3}},"187":{"start":{"line":381,"column":17},"end":{"line":381,"column":25}},"188":{"start":{"line":382,"column":15},"end":{"line":382,"column":24}},"189":{"start":{"line":383,"column":17},"end":{"line":383,"column":26}},"190":{"start":{"line":386,"column":19},"end":{"line":386,"column":44}},"191":{"start":{"line":389,"column":4},"end":{"line":391,"column":5}},"192":{"start":{"line":390,"column":6},"end":{"line":390,"column":49}},"193":{"start":{"line":394,"column":4},"end":{"line":400,"column":5}},"194":{"start":{"line":395,"column":17},"end":{"line":395,"column":59}},"195":{"start":{"line":396,"column":6},"end":{"line":399,"column":7}},"196":{"start":{"line":397,"column":8},"end":{"line":398,"column":44}},"197":{"start":{"line":402,"column":2},"end":{"line":402,"column":14}},"198":{"start":{"line":406,"column":15},"end":{"line":406,"column":36}},"199":{"start":{"line":408,"column":2},"end":{"line":411,"column":3}},"200":{"start":{"line":409,"column":4},"end":{"line":409,"column":20}},"201":{"start":{"line":410,"column":4},"end":{"line":410,"column":26}},"202":{"start":{"line":413,"column":2},"end":{"line":413,"column":29}},"203":{"start":{"line":414,"column":2},"end":{"line":414,"column":18}},"204":{"start":{"line":418,"column":17},"end":{"line":418,"column":29}},"205":{"start":{"line":420,"column":2},"end":{"line":431,"column":4}},"206":{"start":{"line":421,"column":4},"end":{"line":428,"column":5}},"207":{"start":{"line":422,"column":22},"end":{"line":422,"column":56}},"208":{"start":{"line":423,"column":26},"end":{"line":423,"column":57}},"209":{"start":{"line":425,"column":6},"end":{"line":427,"column":7}},"210":{"start":{"line":426,"column":8},"end":{"line":426,"column":47}},"211":{"start":{"line":430,"column":4},"end":{"line":430,"column":43}},"212":{"start":{"line":434,"column":0},"end":{"line":434,"column":36}},"213":{"start":{"line":435,"column":0},"end":{"line":435,"column":40}},"214":{"start":{"line":436,"column":0},"end":{"line":436,"column":46}},"215":{"start":{"line":437,"column":0},"end":{"line":437,"column":46}},"216":{"start":{"line":439,"column":0},"end":{"line":518,"column":2}},"217":{"start":{"line":440,"column":2},"end":{"line":440,"column":26}},"218":{"start":{"line":442,"column":2},"end":{"line":447,"column":3}},"219":{"start":{"line":443,"column":4},"end":{"line":443,"column":38}},"220":{"start":{"line":444,"column":4},"end":{"line":446,"column":5}},"221":{"start":{"line":445,"column":6},"end":{"line":445,"column":113}},"222":{"start":{"line":451,"column":2},"end":{"line":457,"column":3}},"223":{"start":{"line":452,"column":4},"end":{"line":454,"column":5}},"224":{"start":{"line":453,"column":6},"end":{"line":453,"column":38}},"225":{"start":{"line":456,"column":4},"end":{"line":456,"column":55}},"226":{"start":{"line":461,"column":2},"end":{"line":467,"column":3}},"227":{"start":{"line":462,"column":4},"end":{"line":464,"column":5}},"228":{"start":{"line":463,"column":6},"end":{"line":463,"column":37}},"229":{"start":{"line":466,"column":4},"end":{"line":466,"column":59}},"230":{"start":{"line":470,"column":2},"end":{"line":488,"column":3}},"231":{"start":{"line":472,"column":4},"end":{"line":476,"column":5}},"232":{"start":{"line":473,"column":6},"end":{"line":473,"column":33}},"233":{"start":{"line":477,"column":19},"end":{"line":477,"column":44}},"234":{"start":{"line":479,"column":4},"end":{"line":487,"column":5}},"235":{"start":{"line":480,"column":6},"end":{"line":484,"column":8}},"236":{"start":{"line":481,"column":8},"end":{"line":481,"column":46}},"237":{"start":{"line":482,"column":8},"end":{"line":482,"column":45}},"238":{"start":{"line":483,"column":8},"end":{"line":483,"column":54}},"239":{"start":{"line":486,"column":6},"end":{"line":486,"column":58}},"240":{"start":{"line":491,"column":2},"end":{"line":494,"column":3}},"241":{"start":{"line":492,"column":4},"end":{"line":493,"column":50}},"242":{"start":{"line":497,"column":2},"end":{"line":500,"column":3}},"243":{"start":{"line":498,"column":4},"end":{"line":498,"column":35}},"244":{"start":{"line":499,"column":4},"end":{"line":499,"column":48}},"245":{"start":{"line":502,"column":2},"end":{"line":517,"column":3}},"246":{"start":{"line":503,"column":25},"end":{"line":504,"column":45}},"247":{"start":{"line":513,"column":4},"end":{"line":516,"column":5}},"248":{"start":{"line":514,"column":6},"end":{"line":514,"column":35}},"249":{"start":{"line":515,"column":6},"end":{"line":515,"column":34}}},"fnMap":{"0":{"name":"isInBrowser","decl":{"start":{"line":38,"column":9},"end":{"line":38,"column":20}},"loc":{"start":{"line":38,"column":23},"end":{"line":44,"column":1}},"line":38},"1":{"name":"hasGlobalProcessEventEmitter","decl":{"start":{"line":46,"column":9},"end":{"line":46,"column":37}},"loc":{"start":{"line":46,"column":40},"end":{"line":48,"column":1}},"line":46},"2":{"name":"handlerExec","decl":{"start":{"line":50,"column":9},"end":{"line":50,"column":20}},"loc":{"start":{"line":50,"column":27},"end":{"line":60,"column":1}},"line":50},"3":{"name":"(anonymous_3)","decl":{"start":{"line":51,"column":9},"end":{"line":51,"column":10}},"loc":{"start":{"line":51,"column":23},"end":{"line":59,"column":3}},"line":51},"4":{"name":"(anonymous_4)","decl":{"start":{"line":64,"column":26},"end":{"line":64,"column":27}},"loc":{"start":{"line":64,"column":41},"end":{"line":87,"column":1}},"line":64},"5":{"name":"supportRelativeURL","decl":{"start":{"line":91,"column":9},"end":{"line":91,"column":27}},"loc":{"start":{"line":91,"column":39},"end":{"line":97,"column":1}},"line":91},"6":{"name":"retrieveSourceMapURL","decl":{"start":{"line":99,"column":9},"end":{"line":99,"column":29}},"loc":{"start":{"line":99,"column":38},"end":{"line":128,"column":1}},"line":99},"7":{"name":"(anonymous_7)","decl":{"start":{"line":136,"column":25},"end":{"line":136,"column":26}},"loc":{"start":{"line":136,"column":42},"end":{"line":161,"column":1}},"line":136},"8":{"name":"mapSourcePosition","decl":{"start":{"line":163,"column":9},"end":{"line":163,"column":26}},"loc":{"start":{"line":163,"column":37},"end":{"line":210,"column":1}},"line":163},"9":{"name":"(anonymous_9)","decl":{"start":{"line":177,"column":38},"end":{"line":177,"column":39}},"loc":{"start":{"line":177,"column":58},"end":{"line":183,"column":9}},"line":177},"10":{"name":"mapEvalOrigin","decl":{"start":{"line":214,"column":9},"end":{"line":214,"column":22}},"loc":{"start":{"line":214,"column":31},"end":{"line":235,"column":1}},"line":214},"11":{"name":"CallSiteToString","decl":{"start":{"line":243,"column":9},"end":{"line":243,"column":25}},"loc":{"start":{"line":243,"column":28},"end":{"line":308,"column":1}},"line":243},"12":{"name":"cloneCallSite","decl":{"start":{"line":310,"column":9},"end":{"line":310,"column":22}},"loc":{"start":{"line":310,"column":30},"end":{"line":317,"column":1}},"line":310},"13":{"name":"(anonymous_13)","decl":{"start":{"line":312,"column":67},"end":{"line":312,"column":68}},"loc":{"start":{"line":312,"column":82},"end":{"line":314,"column":3}},"line":312},"14":{"name":"(anonymous_14)","decl":{"start":{"line":313,"column":46},"end":{"line":313,"column":47}},"loc":{"start":{"line":313,"column":57},"end":{"line":313,"column":92}},"line":313},"15":{"name":"wrapCallSite","decl":{"start":{"line":319,"column":9},"end":{"line":319,"column":21}},"loc":{"start":{"line":319,"column":29},"end":{"line":362,"column":1}},"line":319},"16":{"name":"(anonymous_16)","decl":{"start":{"line":344,"column":24},"end":{"line":344,"column":25}},"loc":{"start":{"line":344,"column":35},"end":{"line":344,"column":62}},"line":344},"17":{"name":"(anonymous_17)","decl":{"start":{"line":345,"column":26},"end":{"line":345,"column":27}},"loc":{"start":{"line":345,"column":37},"end":{"line":345,"column":62}},"line":345},"18":{"name":"(anonymous_18)","decl":{"start":{"line":346,"column":28},"end":{"line":346,"column":29}},"loc":{"start":{"line":346,"column":39},"end":{"line":346,"column":70}},"line":346},"19":{"name":"(anonymous_19)","decl":{"start":{"line":347,"column":37},"end":{"line":347,"column":38}},"loc":{"start":{"line":347,"column":48},"end":{"line":347,"column":75}},"line":347},"20":{"name":"(anonymous_20)","decl":{"start":{"line":356,"column":26},"end":{"line":356,"column":27}},"loc":{"start":{"line":356,"column":37},"end":{"line":356,"column":55}},"line":356},"21":{"name":"prepareStackTrace","decl":{"start":{"line":366,"column":9},"end":{"line":366,"column":26}},"loc":{"start":{"line":366,"column":41},"end":{"line":375,"column":1}},"line":366},"22":{"name":"(anonymous_22)","decl":{"start":{"line":372,"column":27},"end":{"line":372,"column":28}},"loc":{"start":{"line":372,"column":43},"end":{"line":374,"column":3}},"line":372},"23":{"name":"getErrorSource","decl":{"start":{"line":378,"column":9},"end":{"line":378,"column":23}},"loc":{"start":{"line":378,"column":31},"end":{"line":403,"column":1}},"line":378},"24":{"name":"printErrorAndExit","decl":{"start":{"line":405,"column":9},"end":{"line":405,"column":26}},"loc":{"start":{"line":405,"column":35},"end":{"line":415,"column":1}},"line":405},"25":{"name":"shimEmitUncaughtException","decl":{"start":{"line":417,"column":9},"end":{"line":417,"column":34}},"loc":{"start":{"line":417,"column":38},"end":{"line":432,"column":1}},"line":417},"26":{"name":"(anonymous_26)","decl":{"start":{"line":420,"column":17},"end":{"line":420,"column":18}},"loc":{"start":{"line":420,"column":33},"end":{"line":431,"column":3}},"line":420},"27":{"name":"(anonymous_27)","decl":{"start":{"line":439,"column":18},"end":{"line":439,"column":19}},"loc":{"start":{"line":439,"column":36},"end":{"line":518,"column":1}},"line":439},"28":{"name":"(anonymous_28)","decl":{"start":{"line":480,"column":34},"end":{"line":480,"column":35}},"loc":{"start":{"line":480,"column":62},"end":{"line":484,"column":7}},"line":480}},"branchMap":{"0":{"loc":{"start":{"line":7,"column":2},"end":{"line":10,"column":3}},"type":"if","locations":[{"start":{"line":7,"column":2},"end":{"line":10,"column":3}},{"start":{"line":7,"column":2},"end":{"line":10,"column":3}}],"line":7},"1":{"loc":{"start":{"line":7,"column":6},"end":{"line":7,"column":40}},"type":"binary-expr","locations":[{"start":{"line":7,"column":6},"end":{"line":7,"column":20}},{"start":{"line":7,"column":24},"end":{"line":7,"column":40}}],"line":7},"2":{"loc":{"start":{"line":39,"column":2},"end":{"line":40,"column":16}},"type":"if","locations":[{"start":{"line":39,"column":2},"end":{"line":40,"column":16}},{"start":{"line":39,"column":2},"end":{"line":40,"column":16}}],"line":39},"3":{"loc":{"start":{"line":41,"column":2},"end":{"line":42,"column":17}},"type":"if","locations":[{"start":{"line":41,"column":2},"end":{"line":42,"column":17}},{"start":{"line":41,"column":2},"end":{"line":42,"column":17}}],"line":41},"4":{"loc":{"start":{"line":43,"column":10},"end":{"line":43,"column":177}},"type":"binary-expr","locations":[{"start":{"line":43,"column":11},"end":{"line":43,"column":40}},{"start":{"line":43,"column":46},"end":{"line":43,"column":82}},{"start":{"line":43,"column":87},"end":{"line":43,"column":177}}],"line":43},"5":{"loc":{"start":{"line":43,"column":89},"end":{"line":43,"column":176}},"type":"binary-expr","locations":[{"start":{"line":43,"column":89},"end":{"line":43,"column":103}},{"start":{"line":43,"column":107},"end":{"line":43,"column":120}},{"start":{"line":43,"column":124},"end":{"line":43,"column":138}},{"start":{"line":43,"column":142},"end":{"line":43,"column":176}}],"line":43},"6":{"loc":{"start":{"line":47,"column":10},"end":{"line":47,"column":99}},"type":"binary-expr","locations":[{"start":{"line":47,"column":11},"end":{"line":47,"column":38}},{"start":{"line":47,"column":44},"end":{"line":47,"column":60}},{"start":{"line":47,"column":66},"end":{"line":47,"column":98}}],"line":47},"7":{"loc":{"start":{"line":54,"column":6},"end":{"line":56,"column":7}},"type":"if","locations":[{"start":{"line":54,"column":6},"end":{"line":56,"column":7}},{"start":{"line":54,"column":6},"end":{"line":56,"column":7}}],"line":54},"8":{"loc":{"start":{"line":67,"column":2},"end":{"line":69,"column":3}},"type":"if","locations":[{"start":{"line":67,"column":2},"end":{"line":69,"column":3}},{"start":{"line":67,"column":2},"end":{"line":69,"column":3}}],"line":67},"9":{"loc":{"start":{"line":72,"column":2},"end":{"line":84,"column":3}},"type":"if","locations":[{"start":{"line":72,"column":2},"end":{"line":84,"column":3}},{"start":{"line":72,"column":2},"end":{"line":84,"column":3}}],"line":72},"10":{"loc":{"start":{"line":78,"column":4},"end":{"line":80,"column":5}},"type":"if","locations":[{"start":{"line":78,"column":4},"end":{"line":80,"column":5}},{"start":{"line":78,"column":4},"end":{"line":80,"column":5}}],"line":78},"11":{"loc":{"start":{"line":78,"column":8},"end":{"line":78,"column":50}},"type":"binary-expr","locations":[{"start":{"line":78,"column":8},"end":{"line":78,"column":28}},{"start":{"line":78,"column":32},"end":{"line":78,"column":50}}],"line":78},"12":{"loc":{"start":{"line":81,"column":9},"end":{"line":84,"column":3}},"type":"if","locations":[{"start":{"line":81,"column":9},"end":{"line":84,"column":3}},{"start":{"line":81,"column":9},"end":{"line":84,"column":3}}],"line":81},"13":{"loc":{"start":{"line":92,"column":2},"end":{"line":92,"column":24}},"type":"if","locations":[{"start":{"line":92,"column":2},"end":{"line":92,"column":24}},{"start":{"line":92,"column":2},"end":{"line":92,"column":24}}],"line":92},"14":{"loc":{"start":{"line":95,"column":17},"end":{"line":95,"column":38}},"type":"cond-expr","locations":[{"start":{"line":95,"column":25},"end":{"line":95,"column":33}},{"start":{"line":95,"column":36},"end":{"line":95,"column":38}}],"line":95},"15":{"loc":{"start":{"line":102,"column":2},"end":{"line":117,"column":3}},"type":"if","locations":[{"start":{"line":102,"column":2},"end":{"line":117,"column":3}},{"start":{"line":102,"column":2},"end":{"line":117,"column":3}}],"line":102},"16":{"loc":{"start":{"line":107,"column":18},"end":{"line":107,"column":64}},"type":"cond-expr","locations":[{"start":{"line":107,"column":41},"end":{"line":107,"column":57}},{"start":{"line":107,"column":60},"end":{"line":107,"column":64}}],"line":107},"17":{"loc":{"start":{"line":110,"column":29},"end":{"line":111,"column":65}},"type":"binary-expr","locations":[{"start":{"line":110,"column":29},"end":{"line":110,"column":63}},{"start":{"line":111,"column":29},"end":{"line":111,"column":65}}],"line":110},"18":{"loc":{"start":{"line":112,"column":7},"end":{"line":114,"column":8}},"type":"if","locations":[{"start":{"line":112,"column":7},"end":{"line":114,"column":8}},{"start":{"line":112,"column":7},"end":{"line":114,"column":8}}],"line":112},"19":{"loc":{"start":{"line":126,"column":2},"end":{"line":126,"column":30}},"type":"if","locations":[{"start":{"line":126,"column":2},"end":{"line":126,"column":30}},{"start":{"line":126,"column":2},"end":{"line":126,"column":30}}],"line":126},"20":{"loc":{"start":{"line":138,"column":2},"end":{"line":138,"column":37}},"type":"if","locations":[{"start":{"line":138,"column":2},"end":{"line":138,"column":37}},{"start":{"line":138,"column":2},"end":{"line":138,"column":37}}],"line":138},"21":{"loc":{"start":{"line":142,"column":2},"end":{"line":151,"column":3}},"type":"if","locations":[{"start":{"line":142,"column":2},"end":{"line":151,"column":3}},{"start":{"line":142,"column":2},"end":{"line":151,"column":3}}],"line":142},"22":{"loc":{"start":{"line":153,"column":2},"end":{"line":155,"column":3}},"type":"if","locations":[{"start":{"line":153,"column":2},"end":{"line":155,"column":3}},{"start":{"line":153,"column":2},"end":{"line":155,"column":3}}],"line":153},"23":{"loc":{"start":{"line":165,"column":2},"end":{"line":191,"column":3}},"type":"if","locations":[{"start":{"line":165,"column":2},"end":{"line":191,"column":3}},{"start":{"line":165,"column":2},"end":{"line":191,"column":3}}],"line":165},"24":{"loc":{"start":{"line":168,"column":4},"end":{"line":190,"column":5}},"type":"if","locations":[{"start":{"line":168,"column":4},"end":{"line":190,"column":5}},{"start":{"line":168,"column":4},"end":{"line":190,"column":5}}],"line":168},"25":{"loc":{"start":{"line":176,"column":6},"end":{"line":184,"column":7}},"type":"if","locations":[{"start":{"line":176,"column":6},"end":{"line":184,"column":7}},{"start":{"line":176,"column":6},"end":{"line":184,"column":7}}],"line":176},"26":{"loc":{"start":{"line":179,"column":10},"end":{"line":182,"column":11}},"type":"if","locations":[{"start":{"line":179,"column":10},"end":{"line":182,"column":11}},{"start":{"line":179,"column":10},"end":{"line":182,"column":11}}],"line":179},"27":{"loc":{"start":{"line":194,"column":2},"end":{"line":207,"column":3}},"type":"if","locations":[{"start":{"line":194,"column":2},"end":{"line":207,"column":3}},{"start":{"line":194,"column":2},"end":{"line":207,"column":3}}],"line":194},"28":{"loc":{"start":{"line":194,"column":6},"end":{"line":194,"column":32}},"type":"binary-expr","locations":[{"start":{"line":194,"column":6},"end":{"line":194,"column":15}},{"start":{"line":194,"column":19},"end":{"line":194,"column":32}}],"line":194},"29":{"loc":{"start":{"line":202,"column":4},"end":{"line":206,"column":5}},"type":"if","locations":[{"start":{"line":202,"column":4},"end":{"line":206,"column":5}},{"start":{"line":202,"column":4},"end":{"line":206,"column":5}}],"line":202},"30":{"loc":{"start":{"line":217,"column":2},"end":{"line":225,"column":3}},"type":"if","locations":[{"start":{"line":217,"column":2},"end":{"line":225,"column":3}},{"start":{"line":217,"column":2},"end":{"line":225,"column":3}}],"line":217},"31":{"loc":{"start":{"line":229,"column":2},"end":{"line":231,"column":3}},"type":"if","locations":[{"start":{"line":229,"column":2},"end":{"line":231,"column":3}},{"start":{"line":229,"column":2},"end":{"line":231,"column":3}}],"line":229},"32":{"loc":{"start":{"line":246,"column":2},"end":{"line":271,"column":3}},"type":"if","locations":[{"start":{"line":246,"column":2},"end":{"line":271,"column":3}},{"start":{"line":246,"column":2},"end":{"line":271,"column":3}}],"line":246},"33":{"loc":{"start":{"line":250,"column":4},"end":{"line":253,"column":5}},"type":"if","locations":[{"start":{"line":250,"column":4},"end":{"line":253,"column":5}},{"start":{"line":250,"column":4},"end":{"line":253,"column":5}}],"line":250},"34":{"loc":{"start":{"line":250,"column":8},"end":{"line":250,"column":34}},"type":"binary-expr","locations":[{"start":{"line":250,"column":8},"end":{"line":250,"column":17}},{"start":{"line":250,"column":21},"end":{"line":250,"column":34}}],"line":250},"35":{"loc":{"start":{"line":255,"column":4},"end":{"line":262,"column":5}},"type":"if","locations":[{"start":{"line":255,"column":4},"end":{"line":262,"column":5}},{"start":{"line":255,"column":4},"end":{"line":262,"column":5}}],"line":255},"36":{"loc":{"start":{"line":264,"column":4},"end":{"line":270,"column":5}},"type":"if","locations":[{"start":{"line":264,"column":4},"end":{"line":270,"column":5}},{"start":{"line":264,"column":4},"end":{"line":270,"column":5}}],"line":264},"37":{"loc":{"start":{"line":267,"column":6},"end":{"line":269,"column":7}},"type":"if","locations":[{"start":{"line":267,"column":6},"end":{"line":269,"column":7}},{"start":{"line":267,"column":6},"end":{"line":269,"column":7}}],"line":267},"38":{"loc":{"start":{"line":277,"column":23},"end":{"line":277,"column":57}},"type":"binary-expr","locations":[{"start":{"line":277,"column":23},"end":{"line":277,"column":40}},{"start":{"line":277,"column":44},"end":{"line":277,"column":57}}],"line":277},"39":{"loc":{"start":{"line":278,"column":2},"end":{"line":303,"column":3}},"type":"if","locations":[{"start":{"line":278,"column":2},"end":{"line":303,"column":3}},{"start":{"line":278,"column":2},"end":{"line":303,"column":3}}],"line":278},"40":{"loc":{"start":{"line":281,"column":4},"end":{"line":283,"column":5}},"type":"if","locations":[{"start":{"line":281,"column":4},"end":{"line":283,"column":5}},{"start":{"line":281,"column":4},"end":{"line":283,"column":5}}],"line":281},"41":{"loc":{"start":{"line":285,"column":4},"end":{"line":295,"column":5}},"type":"if","locations":[{"start":{"line":285,"column":4},"end":{"line":295,"column":5}},{"start":{"line":285,"column":4},"end":{"line":295,"column":5}}],"line":285},"42":{"loc":{"start":{"line":286,"column":6},"end":{"line":288,"column":7}},"type":"if","locations":[{"start":{"line":286,"column":6},"end":{"line":288,"column":7}},{"start":{"line":286,"column":6},"end":{"line":288,"column":7}}],"line":286},"43":{"loc":{"start":{"line":286,"column":10},"end":{"line":286,"column":57}},"type":"binary-expr","locations":[{"start":{"line":286,"column":10},"end":{"line":286,"column":18}},{"start":{"line":286,"column":22},"end":{"line":286,"column":57}}],"line":286},"44":{"loc":{"start":{"line":290,"column":6},"end":{"line":292,"column":7}},"type":"if","locations":[{"start":{"line":290,"column":6},"end":{"line":292,"column":7}},{"start":{"line":290,"column":6},"end":{"line":292,"column":7}}],"line":290},"45":{"loc":{"start":{"line":290,"column":10},"end":{"line":290,"column":109}},"type":"binary-expr","locations":[{"start":{"line":290,"column":10},"end":{"line":290,"column":20}},{"start":{"line":290,"column":24},"end":{"line":290,"column":109}}],"line":290},"46":{"loc":{"start":{"line":294,"column":32},"end":{"line":294,"column":59}},"type":"binary-expr","locations":[{"start":{"line":294,"column":32},"end":{"line":294,"column":42}},{"start":{"line":294,"column":46},"end":{"line":294,"column":59}}],"line":294},"47":{"loc":{"start":{"line":296,"column":9},"end":{"line":303,"column":3}},"type":"if","locations":[{"start":{"line":296,"column":9},"end":{"line":303,"column":3}},{"start":{"line":296,"column":9},"end":{"line":303,"column":3}}],"line":296},"48":{"loc":{"start":{"line":297,"column":22},"end":{"line":297,"column":51}},"type":"binary-expr","locations":[{"start":{"line":297,"column":22},"end":{"line":297,"column":34}},{"start":{"line":297,"column":38},"end":{"line":297,"column":51}}],"line":297},"49":{"loc":{"start":{"line":298,"column":9},"end":{"line":303,"column":3}},"type":"if","locations":[{"start":{"line":298,"column":9},"end":{"line":303,"column":3}},{"start":{"line":298,"column":9},"end":{"line":303,"column":3}}],"line":298},"50":{"loc":{"start":{"line":304,"column":2},"end":{"line":306,"column":3}},"type":"if","locations":[{"start":{"line":304,"column":2},"end":{"line":306,"column":3}},{"start":{"line":304,"column":2},"end":{"line":306,"column":3}}],"line":304},"51":{"loc":{"start":{"line":313,"column":19},"end":{"line":313,"column":106}},"type":"cond-expr","locations":[{"start":{"line":313,"column":46},"end":{"line":313,"column":92}},{"start":{"line":313,"column":95},"end":{"line":313,"column":106}}],"line":313},"52":{"loc":{"start":{"line":320,"column":2},"end":{"line":322,"column":3}},"type":"if","locations":[{"start":{"line":320,"column":2},"end":{"line":322,"column":3}},{"start":{"line":320,"column":2},"end":{"line":322,"column":3}}],"line":320},"53":{"loc":{"start":{"line":327,"column":15},"end":{"line":327,"column":70}},"type":"binary-expr","locations":[{"start":{"line":327,"column":15},"end":{"line":327,"column":34}},{"start":{"line":327,"column":38},"end":{"line":327,"column":70}}],"line":327},"54":{"loc":{"start":{"line":328,"column":2},"end":{"line":349,"column":3}},"type":"if","locations":[{"start":{"line":328,"column":2},"end":{"line":349,"column":3}},{"start":{"line":328,"column":2},"end":{"line":349,"column":3}}],"line":328},"55":{"loc":{"start":{"line":334,"column":4},"end":{"line":336,"column":5}},"type":"if","locations":[{"start":{"line":334,"column":4},"end":{"line":336,"column":5}},{"start":{"line":334,"column":4},"end":{"line":336,"column":5}}],"line":334},"56":{"loc":{"start":{"line":334,"column":8},"end":{"line":334,"column":55}},"type":"binary-expr","locations":[{"start":{"line":334,"column":8},"end":{"line":334,"column":18}},{"start":{"line":334,"column":22},"end":{"line":334,"column":36}},{"start":{"line":334,"column":40},"end":{"line":334,"column":55}}],"line":334},"57":{"loc":{"start":{"line":352,"column":15},"end":{"line":352,"column":54}},"type":"binary-expr","locations":[{"start":{"line":352,"column":15},"end":{"line":352,"column":29}},{"start":{"line":352,"column":33},"end":{"line":352,"column":54}}],"line":352},"58":{"loc":{"start":{"line":353,"column":2},"end":{"line":358,"column":3}},"type":"if","locations":[{"start":{"line":353,"column":2},"end":{"line":358,"column":3}},{"start":{"line":353,"column":2},"end":{"line":358,"column":3}}],"line":353},"59":{"loc":{"start":{"line":367,"column":2},"end":{"line":370,"column":3}},"type":"if","locations":[{"start":{"line":367,"column":2},"end":{"line":370,"column":3}},{"start":{"line":367,"column":2},"end":{"line":370,"column":3}}],"line":367},"60":{"loc":{"start":{"line":380,"column":2},"end":{"line":401,"column":3}},"type":"if","locations":[{"start":{"line":380,"column":2},"end":{"line":401,"column":3}},{"start":{"line":380,"column":2},"end":{"line":401,"column":3}}],"line":380},"61":{"loc":{"start":{"line":389,"column":4},"end":{"line":391,"column":5}},"type":"if","locations":[{"start":{"line":389,"column":4},"end":{"line":391,"column":5}},{"start":{"line":389,"column":4},"end":{"line":391,"column":5}}],"line":389},"62":{"loc":{"start":{"line":389,"column":8},"end":{"line":389,"column":48}},"type":"binary-expr","locations":[{"start":{"line":389,"column":8},"end":{"line":389,"column":17}},{"start":{"line":389,"column":21},"end":{"line":389,"column":23}},{"start":{"line":389,"column":27},"end":{"line":389,"column":48}}],"line":389},"63":{"loc":{"start":{"line":394,"column":4},"end":{"line":400,"column":5}},"type":"if","locations":[{"start":{"line":394,"column":4},"end":{"line":400,"column":5}},{"start":{"line":394,"column":4},"end":{"line":400,"column":5}}],"line":394},"64":{"loc":{"start":{"line":396,"column":6},"end":{"line":399,"column":7}},"type":"if","locations":[{"start":{"line":396,"column":6},"end":{"line":399,"column":7}},{"start":{"line":396,"column":6},"end":{"line":399,"column":7}}],"line":396},"65":{"loc":{"start":{"line":408,"column":2},"end":{"line":411,"column":3}},"type":"if","locations":[{"start":{"line":408,"column":2},"end":{"line":411,"column":3}},{"start":{"line":408,"column":2},"end":{"line":411,"column":3}}],"line":408},"66":{"loc":{"start":{"line":421,"column":4},"end":{"line":428,"column":5}},"type":"if","locations":[{"start":{"line":421,"column":4},"end":{"line":428,"column":5}},{"start":{"line":421,"column":4},"end":{"line":428,"column":5}}],"line":421},"67":{"loc":{"start":{"line":422,"column":22},"end":{"line":422,"column":56}},"type":"binary-expr","locations":[{"start":{"line":422,"column":22},"end":{"line":422,"column":34}},{"start":{"line":422,"column":38},"end":{"line":422,"column":56}}],"line":422},"68":{"loc":{"start":{"line":425,"column":6},"end":{"line":427,"column":7}},"type":"if","locations":[{"start":{"line":425,"column":6},"end":{"line":427,"column":7}},{"start":{"line":425,"column":6},"end":{"line":427,"column":7}}],"line":425},"69":{"loc":{"start":{"line":425,"column":10},"end":{"line":425,"column":35}},"type":"binary-expr","locations":[{"start":{"line":425,"column":10},"end":{"line":425,"column":18}},{"start":{"line":425,"column":22},"end":{"line":425,"column":35}}],"line":425},"70":{"loc":{"start":{"line":440,"column":12},"end":{"line":440,"column":25}},"type":"binary-expr","locations":[{"start":{"line":440,"column":12},"end":{"line":440,"column":19}},{"start":{"line":440,"column":23},"end":{"line":440,"column":25}}],"line":440},"71":{"loc":{"start":{"line":442,"column":2},"end":{"line":447,"column":3}},"type":"if","locations":[{"start":{"line":442,"column":2},"end":{"line":447,"column":3}},{"start":{"line":442,"column":2},"end":{"line":447,"column":3}}],"line":442},"72":{"loc":{"start":{"line":444,"column":4},"end":{"line":446,"column":5}},"type":"if","locations":[{"start":{"line":444,"column":4},"end":{"line":446,"column":5}},{"start":{"line":444,"column":4},"end":{"line":446,"column":5}}],"line":444},"73":{"loc":{"start":{"line":451,"column":2},"end":{"line":457,"column":3}},"type":"if","locations":[{"start":{"line":451,"column":2},"end":{"line":457,"column":3}},{"start":{"line":451,"column":2},"end":{"line":457,"column":3}}],"line":451},"74":{"loc":{"start":{"line":452,"column":4},"end":{"line":454,"column":5}},"type":"if","locations":[{"start":{"line":452,"column":4},"end":{"line":454,"column":5}},{"start":{"line":452,"column":4},"end":{"line":454,"column":5}}],"line":452},"75":{"loc":{"start":{"line":461,"column":2},"end":{"line":467,"column":3}},"type":"if","locations":[{"start":{"line":461,"column":2},"end":{"line":467,"column":3}},{"start":{"line":461,"column":2},"end":{"line":467,"column":3}}],"line":461},"76":{"loc":{"start":{"line":462,"column":4},"end":{"line":464,"column":5}},"type":"if","locations":[{"start":{"line":462,"column":4},"end":{"line":464,"column":5}},{"start":{"line":462,"column":4},"end":{"line":464,"column":5}}],"line":462},"77":{"loc":{"start":{"line":470,"column":2},"end":{"line":488,"column":3}},"type":"if","locations":[{"start":{"line":470,"column":2},"end":{"line":488,"column":3}},{"start":{"line":470,"column":2},"end":{"line":488,"column":3}}],"line":470},"78":{"loc":{"start":{"line":470,"column":6},"end":{"line":470,"column":43}},"type":"binary-expr","locations":[{"start":{"line":470,"column":6},"end":{"line":470,"column":25}},{"start":{"line":470,"column":29},"end":{"line":470,"column":43}}],"line":470},"79":{"loc":{"start":{"line":479,"column":4},"end":{"line":487,"column":5}},"type":"if","locations":[{"start":{"line":479,"column":4},"end":{"line":487,"column":5}},{"start":{"line":479,"column":4},"end":{"line":487,"column":5}}],"line":479},"80":{"loc":{"start":{"line":491,"column":2},"end":{"line":494,"column":3}},"type":"if","locations":[{"start":{"line":491,"column":2},"end":{"line":494,"column":3}},{"start":{"line":491,"column":2},"end":{"line":494,"column":3}}],"line":491},"81":{"loc":{"start":{"line":492,"column":34},"end":{"line":493,"column":49}},"type":"cond-expr","locations":[{"start":{"line":493,"column":6},"end":{"line":493,"column":41}},{"start":{"line":493,"column":44},"end":{"line":493,"column":49}}],"line":492},"82":{"loc":{"start":{"line":497,"column":2},"end":{"line":500,"column":3}},"type":"if","locations":[{"start":{"line":497,"column":2},"end":{"line":500,"column":3}},{"start":{"line":497,"column":2},"end":{"line":500,"column":3}}],"line":497},"83":{"loc":{"start":{"line":502,"column":2},"end":{"line":517,"column":3}},"type":"if","locations":[{"start":{"line":502,"column":2},"end":{"line":517,"column":3}},{"start":{"line":502,"column":2},"end":{"line":517,"column":3}}],"line":502},"84":{"loc":{"start":{"line":503,"column":25},"end":{"line":504,"column":45}},"type":"cond-expr","locations":[{"start":{"line":504,"column":6},"end":{"line":504,"column":38}},{"start":{"line":504,"column":41},"end":{"line":504,"column":45}}],"line":503},"85":{"loc":{"start":{"line":513,"column":4},"end":{"line":516,"column":5}},"type":"if","locations":[{"start":{"line":513,"column":4},"end":{"line":516,"column":5}},{"start":{"line":513,"column":4},"end":{"line":516,"column":5}}],"line":513},"86":{"loc":{"start":{"line":513,"column":8},"end":{"line":513,"column":56}},"type":"binary-expr","locations":[{"start":{"line":513,"column":8},"end":{"line":513,"column":22}},{"start":{"line":513,"column":26},"end":{"line":513,"column":56}}],"line":513}},"s":{"0":1,"1":1,"2":1,"3":1,"4":1,"5":0,"6":1,"7":1,"8":1,"9":1,"10":1,"11":1,"12":1,"13":1,"14":1,"15":0,"16":0,"17":0,"18":0,"19":0,"20":1,"21":2,"22":0,"23":0,"24":0,"25":0,"26":0,"27":1,"28":1,"29":0,"30":0,"31":0,"32":0,"33":0,"34":0,"35":0,"36":0,"37":0,"38":0,"39":0,"40":0,"41":0,"42":0,"43":0,"44":0,"45":0,"46":0,"47":0,"48":0,"49":0,"50":0,"51":0,"52":0,"53":0,"54":0,"55":0,"56":0,"57":0,"58":0,"59":0,"60":0,"61":0,"62":0,"63":0,"64":0,"65":1,"66":1,"67":0,"68":0,"69":0,"70":0,"71":0,"72":0,"73":0,"74":0,"75":0,"76":0,"77":0,"78":0,"79":0,"80":0,"81":0,"82":0,"83":0,"84":0,"85":0,"86":0,"87":0,"88":0,"89":0,"90":0,"91":0,"92":0,"93":0,"94":0,"95":0,"96":0,"97":0,"98":0,"99":0,"100":0,"101":0,"102":0,"103":0,"104":0,"105":0,"106":0,"107":0,"108":0,"109":0,"110":0,"111":0,"112":0,"113":0,"114":0,"115":0,"116":0,"117":0,"118":0,"119":0,"120":0,"121":0,"122":0,"123":0,"124":0,"125":0,"126":0,"127":0,"128":0,"129":0,"130":0,"131":0,"132":0,"133":0,"134":0,"135":0,"136":0,"137":0,"138":0,"139":0,"140":0,"141":0,"142":0,"143":0,"144":0,"145":0,"146":0,"147":0,"148":0,"149":0,"150":0,"151":0,"152":0,"153":0,"154":0,"155":0,"156":0,"157":0,"158":0,"159":0,"160":0,"161":0,"162":0,"163":0,"164":0,"165":0,"166":0,"167":0,"168":0,"169":0,"170":0,"171":0,"172":0,"173":0,"174":0,"175":0,"176":0,"177":0,"178":0,"179":0,"180":0,"181":0,"182":0,"183":0,"184":0,"185":0,"186":0,"187":0,"188":0,"189":0,"190":0,"191":0,"192":0,"193":0,"194":0,"195":0,"196":0,"197":0,"198":0,"199":0,"200":0,"201":0,"202":0,"203":0,"204":1,"205":1,"206":0,"207":0,"208":0,"209":0,"210":0,"211":0,"212":1,"213":1,"214":1,"215":1,"216":1,"217":1,"218":1,"219":0,"220":0,"221":0,"222":1,"223":0,"224":0,"225":0,"226":1,"227":0,"228":0,"229":0,"230":1,"231":0,"232":0,"233":0,"234":0,"235":0,"236":0,"237":0,"238":0,"239":0,"240":1,"241":1,"242":1,"243":1,"244":1,"245":1,"246":1,"247":1,"248":1,"249":1},"f":{"0":0,"1":1,"2":2,"3":0,"4":0,"5":0,"6":0,"7":0,"8":0,"9":0,"10":0,"11":0,"12":0,"13":0,"14":0,"15":0,"16":0,"17":0,"18":0,"19":0,"20":0,"21":0,"22":0,"23":0,"24":0,"25":1,"26":0,"27":1,"28":0},"b":{"0":[0,1],"1":[1,1],"2":[0,0],"3":[0,0],"4":[0,0,0],"5":[0,0,0,0],"6":[1,1,1],"7":[0,0],"8":[0,0],"9":[0,0],"10":[0,0],"11":[0,0],"12":[0,0],"13":[0,0],"14":[0,0],"15":[0,0],"16":[0,0],"17":[0,0],"18":[0,0],"19":[0,0],"20":[0,0],"21":[0,0],"22":[0,0],"23":[0,0],"24":[0,0],"25":[0,0],"26":[0,0],"27":[0,0],"28":[0,0],"29":[0,0],"30":[0,0],"31":[0,0],"32":[0,0],"33":[0,0],"34":[0,0],"35":[0,0],"36":[0,0],"37":[0,0],"38":[0,0],"39":[0,0],"40":[0,0],"41":[0,0],"42":[0,0],"43":[0,0],"44":[0,0],"45":[0,0],"46":[0,0],"47":[0,0],"48":[0,0],"49":[0,0],"50":[0,0],"51":[0,0],"52":[0,0],"53":[0,0],"54":[0,0],"55":[0,0],"56":[0,0,0],"57":[0,0],"58":[0,0],"59":[0,0],"60":[0,0],"61":[0,0],"62":[0,0,0],"63":[0,0],"64":[0,0],"65":[0,0],"66":[0,0],"67":[0,0],"68":[0,0],"69":[0,0],"70":[1,0],"71":[0,1],"72":[0,0],"73":[0,1],"74":[0,0],"75":[0,1],"76":[0,0],"77":[0,1],"78":[1,0],"79":[0,0],"80":[1,0],"81":[1,0],"82":[1,0],"83":[1,0],"84":[0,1],"85":[1,0],"86":[1,1]},"_coverageSchema":"332fd63041d2c1bcb487cc26dd0d5f7d97098a6c","hash":"0a7c434738292ec7ab4c5c196617992c913d0bda"}
,"C:\\Projetos\\tdd\\jest\\node_modules__old\\sprintf-js\\src\\sprintf.js": {"path":"C:\\Projetos\\tdd\\jest\\node_modules__old\\sprintf-js\\src\\sprintf.js","statementMap":{"0":{"start":{"line":1,"column":0},"end":{"line":208,"column":50}},"1":{"start":{"line":2,"column":13},"end":{"line":14,"column":5}},"2":{"start":{"line":17,"column":18},"end":{"line":17,"column":30}},"3":{"start":{"line":17,"column":40},"end":{"line":17,"column":53}},"4":{"start":{"line":18,"column":8},"end":{"line":20,"column":9}},"5":{"start":{"line":19,"column":12},"end":{"line":19,"column":43}},"6":{"start":{"line":21,"column":8},"end":{"line":21,"column":63}},"7":{"start":{"line":24,"column":4},"end":{"line":119,"column":5}},"8":{"start":{"line":25,"column":21},"end":{"line":25,"column":22}},"9":{"start":{"line":25,"column":38},"end":{"line":25,"column":55}},"10":{"start":{"line":25,"column":69},"end":{"line":25,"column":71}},"11":{"start":{"line":25,"column":87},"end":{"line":25,"column":89}},"12":{"start":{"line":25,"column":150},"end":{"line":25,"column":154}},"13":{"start":{"line":25,"column":163},"end":{"line":25,"column":165}},"14":{"start":{"line":26,"column":8},"end":{"line":117,"column":9}},"15":{"start":{"line":27,"column":12},"end":{"line":27,"column":47}},"16":{"start":{"line":28,"column":12},"end":{"line":116,"column":13}},"17":{"start":{"line":29,"column":16},"end":{"line":29,"column":53}},"18":{"start":{"line":31,"column":17},"end":{"line":116,"column":13}},"19":{"start":{"line":32,"column":16},"end":{"line":32,"column":37}},"20":{"start":{"line":33,"column":16},"end":{"line":47,"column":17}},"21":{"start":{"line":34,"column":20},"end":{"line":34,"column":38}},"22":{"start":{"line":35,"column":20},"end":{"line":40,"column":21}},"23":{"start":{"line":36,"column":24},"end":{"line":38,"column":25}},"24":{"start":{"line":37,"column":28},"end":{"line":37,"column":107}},"25":{"start":{"line":39,"column":24},"end":{"line":39,"column":46}},"26":{"start":{"line":42,"column":21},"end":{"line":47,"column":17}},"27":{"start":{"line":43,"column":20},"end":{"line":43,"column":40}},"28":{"start":{"line":46,"column":20},"end":{"line":46,"column":40}},"29":{"start":{"line":49,"column":16},"end":{"line":51,"column":17}},"30":{"start":{"line":50,"column":20},"end":{"line":50,"column":31}},"31":{"start":{"line":53,"column":16},"end":{"line":55,"column":17}},"32":{"start":{"line":54,"column":20},"end":{"line":54,"column":106}},"33":{"start":{"line":57,"column":16},"end":{"line":59,"column":17}},"34":{"start":{"line":58,"column":20},"end":{"line":58,"column":42}},"35":{"start":{"line":61,"column":16},"end":{"line":99,"column":17}},"36":{"start":{"line":63,"column":24},"end":{"line":63,"column":45}},"37":{"start":{"line":64,"column":20},"end":{"line":64,"column":25}},"38":{"start":{"line":66,"column":24},"end":{"line":66,"column":54}},"39":{"start":{"line":67,"column":20},"end":{"line":67,"column":25}},"40":{"start":{"line":70,"column":24},"end":{"line":70,"column":47}},"41":{"start":{"line":71,"column":20},"end":{"line":71,"column":25}},"42":{"start":{"line":73,"column":24},"end":{"line":73,"column":90}},"43":{"start":{"line":74,"column":20},"end":{"line":74,"column":25}},"44":{"start":{"line":76,"column":24},"end":{"line":76,"column":90}},"45":{"start":{"line":77,"column":20},"end":{"line":77,"column":25}},"46":{"start":{"line":79,"column":24},"end":{"line":79,"column":92}},"47":{"start":{"line":80,"column":20},"end":{"line":80,"column":25}},"48":{"start":{"line":82,"column":24},"end":{"line":82,"column":96}},"49":{"start":{"line":83,"column":20},"end":{"line":83,"column":25}},"50":{"start":{"line":85,"column":24},"end":{"line":85,"column":45}},"51":{"start":{"line":86,"column":20},"end":{"line":86,"column":25}},"52":{"start":{"line":88,"column":24},"end":{"line":88,"column":98}},"53":{"start":{"line":89,"column":20},"end":{"line":89,"column":25}},"54":{"start":{"line":91,"column":24},"end":{"line":91,"column":39}},"55":{"start":{"line":92,"column":20},"end":{"line":92,"column":25}},"56":{"start":{"line":94,"column":24},"end":{"line":94,"column":46}},"57":{"start":{"line":95,"column":20},"end":{"line":95,"column":25}},"58":{"start":{"line":97,"column":24},"end":{"line":97,"column":60}},"59":{"start":{"line":98,"column":20},"end":{"line":98,"column":25}},"60":{"start":{"line":100,"column":16},"end":{"line":115,"column":17}},"61":{"start":{"line":101,"column":20},"end":{"line":101,"column":47}},"62":{"start":{"line":104,"column":20},"end":{"line":110,"column":21}},"63":{"start":{"line":105,"column":24},"end":{"line":105,"column":54}},"64":{"start":{"line":106,"column":24},"end":{"line":106,"column":65}},"65":{"start":{"line":109,"column":24},"end":{"line":109,"column":33}},"66":{"start":{"line":111,"column":20},"end":{"line":111,"column":96}},"67":{"start":{"line":112,"column":20},"end":{"line":112,"column":63}},"68":{"start":{"line":113,"column":20},"end":{"line":113,"column":103}},"69":{"start":{"line":114,"column":20},"end":{"line":114,"column":135}},"70":{"start":{"line":118,"column":8},"end":{"line":118,"column":30}},"71":{"start":{"line":121,"column":4},"end":{"line":121,"column":22}},"72":{"start":{"line":123,"column":4},"end":{"line":169,"column":5}},"73":{"start":{"line":124,"column":19},"end":{"line":124,"column":22}},"74":{"start":{"line":124,"column":32},"end":{"line":124,"column":34}},"75":{"start":{"line":124,"column":49},"end":{"line":124,"column":51}},"76":{"start":{"line":124,"column":65},"end":{"line":124,"column":66}},"77":{"start":{"line":125,"column":8},"end":{"line":167,"column":9}},"78":{"start":{"line":126,"column":12},"end":{"line":165,"column":13}},"79":{"start":{"line":127,"column":16},"end":{"line":127,"column":56}},"80":{"start":{"line":129,"column":17},"end":{"line":165,"column":13}},"81":{"start":{"line":130,"column":16},"end":{"line":130,"column":51}},"82":{"start":{"line":132,"column":17},"end":{"line":165,"column":13}},"83":{"start":{"line":133,"column":16},"end":{"line":157,"column":17}},"84":{"start":{"line":134,"column":20},"end":{"line":134,"column":34}},"85":{"start":{"line":135,"column":37},"end":{"line":135,"column":39}},"86":{"start":{"line":135,"column":61},"end":{"line":135,"column":69}},"87":{"start":{"line":135,"column":85},"end":{"line":135,"column":87}},"88":{"start":{"line":136,"column":20},"end":{"line":152,"column":21}},"89":{"start":{"line":137,"column":24},"end":{"line":137,"column":70}},"90":{"start":{"line":138,"column":24},"end":{"line":148,"column":25}},"91":{"start":{"line":139,"column":28},"end":{"line":147,"column":29}},"92":{"start":{"line":140,"column":32},"end":{"line":140,"column":78}},"93":{"start":{"line":142,"column":33},"end":{"line":147,"column":29}},"94":{"start":{"line":143,"column":32},"end":{"line":143,"column":78}},"95":{"start":{"line":146,"column":32},"end":{"line":146,"column":101}},"96":{"start":{"line":151,"column":24},"end":{"line":151,"column":93}},"97":{"start":{"line":153,"column":20},"end":{"line":153,"column":41}},"98":{"start":{"line":156,"column":20},"end":{"line":156,"column":34}},"99":{"start":{"line":158,"column":16},"end":{"line":160,"column":17}},"100":{"start":{"line":159,"column":20},"end":{"line":159,"column":112}},"101":{"start":{"line":161,"column":16},"end":{"line":161,"column":53}},"102":{"start":{"line":164,"column":16},"end":{"line":164,"column":73}},"103":{"start":{"line":166,"column":12},"end":{"line":166,"column":50}},"104":{"start":{"line":168,"column":8},"end":{"line":168,"column":25}},"105":{"start":{"line":171,"column":19},"end":{"line":175,"column":5}},"106":{"start":{"line":172,"column":8},"end":{"line":172,"column":37}},"107":{"start":{"line":173,"column":8},"end":{"line":173,"column":31}},"108":{"start":{"line":174,"column":8},"end":{"line":174,"column":41}},"109":{"start":{"line":181,"column":8},"end":{"line":181,"column":82}},"110":{"start":{"line":185,"column":8},"end":{"line":185,"column":48}},"111":{"start":{"line":191,"column":4},"end":{"line":207,"column":5}},"112":{"start":{"line":192,"column":8},"end":{"line":192,"column":33}},"113":{"start":{"line":193,"column":8},"end":{"line":193,"column":35}},"114":{"start":{"line":196,"column":8},"end":{"line":196,"column":32}},"115":{"start":{"line":197,"column":8},"end":{"line":197,"column":34}},"116":{"start":{"line":199,"column":8},"end":{"line":206,"column":9}},"117":{"start":{"line":200,"column":12},"end":{"line":205,"column":14}},"118":{"start":{"line":201,"column":16},"end":{"line":204,"column":17}}},"fnMap":{"0":{"name":"(anonymous_0)","decl":{"start":{"line":1,"column":1},"end":{"line":1,"column":2}},"loc":{"start":{"line":1,"column":18},"end":{"line":208,"column":1}},"line":1},"1":{"name":"sprintf","decl":{"start":{"line":16,"column":13},"end":{"line":16,"column":20}},"loc":{"start":{"line":16,"column":23},"end":{"line":22,"column":5}},"line":16},"2":{"name":"(anonymous_2)","decl":{"start":{"line":24,"column":21},"end":{"line":24,"column":22}},"loc":{"start":{"line":24,"column":48},"end":{"line":119,"column":5}},"line":24},"3":{"name":"(anonymous_3)","decl":{"start":{"line":123,"column":20},"end":{"line":123,"column":21}},"loc":{"start":{"line":123,"column":34},"end":{"line":169,"column":5}},"line":123},"4":{"name":"(anonymous_4)","decl":{"start":{"line":171,"column":19},"end":{"line":171,"column":20}},"loc":{"start":{"line":171,"column":46},"end":{"line":175,"column":5}},"line":171},"5":{"name":"get_type","decl":{"start":{"line":180,"column":13},"end":{"line":180,"column":21}},"loc":{"start":{"line":180,"column":32},"end":{"line":182,"column":5}},"line":180},"6":{"name":"str_repeat","decl":{"start":{"line":184,"column":13},"end":{"line":184,"column":23}},"loc":{"start":{"line":184,"column":43},"end":{"line":186,"column":5}},"line":184},"7":{"name":"(anonymous_7)","decl":{"start":{"line":200,"column":19},"end":{"line":200,"column":20}},"loc":{"start":{"line":200,"column":30},"end":{"line":205,"column":13}},"line":200}},"branchMap":{"0":{"loc":{"start":{"line":18,"column":8},"end":{"line":20,"column":9}},"type":"if","locations":[{"start":{"line":18,"column":8},"end":{"line":20,"column":9}},{"start":{"line":18,"column":8},"end":{"line":20,"column":9}}],"line":18},"1":{"loc":{"start":{"line":18,"column":14},"end":{"line":18,"column":53}},"type":"binary-expr","locations":[{"start":{"line":18,"column":14},"end":{"line":18,"column":24}},{"start":{"line":18,"column":28},"end":{"line":18,"column":53}}],"line":18},"2":{"loc":{"start":{"line":28,"column":12},"end":{"line":116,"column":13}},"type":"if","locations":[{"start":{"line":28,"column":12},"end":{"line":116,"column":13}},{"start":{"line":28,"column":12},"end":{"line":116,"column":13}}],"line":28},"3":{"loc":{"start":{"line":31,"column":17},"end":{"line":116,"column":13}},"type":"if","locations":[{"start":{"line":31,"column":17},"end":{"line":116,"column":13}},{"start":{"line":31,"column":17},"end":{"line":116,"column":13}}],"line":31},"4":{"loc":{"start":{"line":33,"column":16},"end":{"line":47,"column":17}},"type":"if","locations":[{"start":{"line":33,"column":16},"end":{"line":47,"column":17}},{"start":{"line":33,"column":16},"end":{"line":47,"column":17}}],"line":33},"5":{"loc":{"start":{"line":36,"column":24},"end":{"line":38,"column":25}},"type":"if","locations":[{"start":{"line":36,"column":24},"end":{"line":38,"column":25}},{"start":{"line":36,"column":24},"end":{"line":38,"column":25}}],"line":36},"6":{"loc":{"start":{"line":42,"column":21},"end":{"line":47,"column":17}},"type":"if","locations":[{"start":{"line":42,"column":21},"end":{"line":47,"column":17}},{"start":{"line":42,"column":21},"end":{"line":47,"column":17}}],"line":42},"7":{"loc":{"start":{"line":49,"column":16},"end":{"line":51,"column":17}},"type":"if","locations":[{"start":{"line":49,"column":16},"end":{"line":51,"column":17}},{"start":{"line":49,"column":16},"end":{"line":51,"column":17}}],"line":49},"8":{"loc":{"start":{"line":53,"column":16},"end":{"line":55,"column":17}},"type":"if","locations":[{"start":{"line":53,"column":16},"end":{"line":55,"column":17}},{"start":{"line":53,"column":16},"end":{"line":55,"column":17}}],"line":53},"9":{"loc":{"start":{"line":53,"column":20},"end":{"line":53,"column":123}},"type":"binary-expr","locations":[{"start":{"line":53,"column":20},"end":{"line":53,"column":48}},{"start":{"line":53,"column":52},"end":{"line":53,"column":78}},{"start":{"line":53,"column":83},"end":{"line":53,"column":108}},{"start":{"line":53,"column":112},"end":{"line":53,"column":122}}],"line":53},"10":{"loc":{"start":{"line":57,"column":16},"end":{"line":59,"column":17}},"type":"if","locations":[{"start":{"line":57,"column":16},"end":{"line":59,"column":17}},{"start":{"line":57,"column":16},"end":{"line":59,"column":17}}],"line":57},"11":{"loc":{"start":{"line":61,"column":16},"end":{"line":99,"column":17}},"type":"switch","locations":[{"start":{"line":62,"column":20},"end":{"line":64,"column":25}},{"start":{"line":65,"column":20},"end":{"line":67,"column":25}},{"start":{"line":68,"column":20},"end":{"line":68,"column":29}},{"start":{"line":69,"column":20},"end":{"line":71,"column":25}},{"start":{"line":72,"column":20},"end":{"line":74,"column":25}},{"start":{"line":75,"column":20},"end":{"line":77,"column":25}},{"start":{"line":78,"column":20},"end":{"line":80,"column":25}},{"start":{"line":81,"column":20},"end":{"line":83,"column":25}},{"start":{"line":84,"column":20},"end":{"line":86,"column":25}},{"start":{"line":87,"column":20},"end":{"line":89,"column":25}},{"start":{"line":90,"column":20},"end":{"line":92,"column":25}},{"start":{"line":93,"column":20},"end":{"line":95,"column":25}},{"start":{"line":96,"column":20},"end":{"line":98,"column":25}}],"line":61},"12":{"loc":{"start":{"line":73,"column":56},"end":{"line":73,"column":89}},"type":"cond-expr","locations":[{"start":{"line":73,"column":67},"end":{"line":73,"column":85}},{"start":{"line":73,"column":88},"end":{"line":73,"column":89}}],"line":73},"13":{"loc":{"start":{"line":76,"column":30},"end":{"line":76,"column":90}},"type":"cond-expr","locations":[{"start":{"line":76,"column":41},"end":{"line":76,"column":68}},{"start":{"line":76,"column":71},"end":{"line":76,"column":90}}],"line":76},"14":{"loc":{"start":{"line":79,"column":30},"end":{"line":79,"column":92}},"type":"cond-expr","locations":[{"start":{"line":79,"column":41},"end":{"line":79,"column":74}},{"start":{"line":79,"column":77},"end":{"line":79,"column":92}}],"line":79},"15":{"loc":{"start":{"line":82,"column":30},"end":{"line":82,"column":96}},"type":"cond-expr","locations":[{"start":{"line":82,"column":41},"end":{"line":82,"column":78}},{"start":{"line":82,"column":81},"end":{"line":82,"column":96}}],"line":82},"16":{"loc":{"start":{"line":88,"column":31},"end":{"line":88,"column":97}},"type":"cond-expr","locations":[{"start":{"line":88,"column":65},"end":{"line":88,"column":91}},{"start":{"line":88,"column":94},"end":{"line":88,"column":97}}],"line":88},"17":{"loc":{"start":{"line":88,"column":31},"end":{"line":88,"column":62}},"type":"binary-expr","locations":[{"start":{"line":88,"column":32},"end":{"line":88,"column":49}},{"start":{"line":88,"column":54},"end":{"line":88,"column":62}}],"line":88},"18":{"loc":{"start":{"line":100,"column":16},"end":{"line":115,"column":17}},"type":"if","locations":[{"start":{"line":100,"column":16},"end":{"line":115,"column":17}},{"start":{"line":100,"column":16},"end":{"line":115,"column":17}}],"line":100},"19":{"loc":{"start":{"line":104,"column":20},"end":{"line":110,"column":21}},"type":"if","locations":[{"start":{"line":104,"column":20},"end":{"line":110,"column":21}},{"start":{"line":104,"column":20},"end":{"line":110,"column":21}}],"line":104},"20":{"loc":{"start":{"line":104,"column":24},"end":{"line":104,"column":78}},"type":"binary-expr","locations":[{"start":{"line":104,"column":24},"end":{"line":104,"column":48}},{"start":{"line":104,"column":53},"end":{"line":104,"column":65}},{"start":{"line":104,"column":69},"end":{"line":104,"column":77}}],"line":104},"21":{"loc":{"start":{"line":105,"column":31},"end":{"line":105,"column":54}},"type":"cond-expr","locations":[{"start":{"line":105,"column":45},"end":{"line":105,"column":48}},{"start":{"line":105,"column":51},"end":{"line":105,"column":54}}],"line":105},"22":{"loc":{"start":{"line":111,"column":36},"end":{"line":111,"column":96}},"type":"cond-expr","locations":[{"start":{"line":111,"column":47},"end":{"line":111,"column":90}},{"start":{"line":111,"column":93},"end":{"line":111,"column":96}}],"line":111},"23":{"loc":{"start":{"line":111,"column":47},"end":{"line":111,"column":90}},"type":"cond-expr","locations":[{"start":{"line":111,"column":66},"end":{"line":111,"column":69}},{"start":{"line":111,"column":72},"end":{"line":111,"column":90}}],"line":111},"24":{"loc":{"start":{"line":113,"column":26},"end":{"line":113,"column":103}},"type":"cond-expr","locations":[{"start":{"line":113,"column":38},"end":{"line":113,"column":97}},{"start":{"line":113,"column":101},"end":{"line":113,"column":103}}],"line":113},"25":{"loc":{"start":{"line":113,"column":38},"end":{"line":113,"column":97}},"type":"cond-expr","locations":[{"start":{"line":113,"column":55},"end":{"line":113,"column":92}},{"start":{"line":113,"column":95},"end":{"line":113,"column":97}}],"line":113},"26":{"loc":{"start":{"line":114,"column":44},"end":{"line":114,"column":135}},"type":"cond-expr","locations":[{"start":{"line":114,"column":55},"end":{"line":114,"column":71}},{"start":{"line":114,"column":75},"end":{"line":114,"column":134}}],"line":114},"27":{"loc":{"start":{"line":114,"column":75},"end":{"line":114,"column":134}},"type":"cond-expr","locations":[{"start":{"line":114,"column":99},"end":{"line":114,"column":115}},{"start":{"line":114,"column":118},"end":{"line":114,"column":134}}],"line":114},"28":{"loc":{"start":{"line":126,"column":12},"end":{"line":165,"column":13}},"type":"if","locations":[{"start":{"line":126,"column":12},"end":{"line":165,"column":13}},{"start":{"line":126,"column":12},"end":{"line":165,"column":13}}],"line":126},"29":{"loc":{"start":{"line":129,"column":17},"end":{"line":165,"column":13}},"type":"if","locations":[{"start":{"line":129,"column":17},"end":{"line":165,"column":13}},{"start":{"line":129,"column":17},"end":{"line":165,"column":13}}],"line":129},"30":{"loc":{"start":{"line":132,"column":17},"end":{"line":165,"column":13}},"type":"if","locations":[{"start":{"line":132,"column":17},"end":{"line":165,"column":13}},{"start":{"line":132,"column":17},"end":{"line":165,"column":13}}],"line":132},"31":{"loc":{"start":{"line":133,"column":16},"end":{"line":157,"column":17}},"type":"if","locations":[{"start":{"line":133,"column":16},"end":{"line":157,"column":17}},{"start":{"line":133,"column":16},"end":{"line":157,"column":17}}],"line":133},"32":{"loc":{"start":{"line":136,"column":20},"end":{"line":152,"column":21}},"type":"if","locations":[{"start":{"line":136,"column":20},"end":{"line":152,"column":21}},{"start":{"line":136,"column":20},"end":{"line":152,"column":21}}],"line":136},"33":{"loc":{"start":{"line":139,"column":28},"end":{"line":147,"column":29}},"type":"if","locations":[{"start":{"line":139,"column":28},"end":{"line":147,"column":29}},{"start":{"line":139,"column":28},"end":{"line":147,"column":29}}],"line":139},"34":{"loc":{"start":{"line":142,"column":33},"end":{"line":147,"column":29}},"type":"if","locations":[{"start":{"line":142,"column":33},"end":{"line":147,"column":29}},{"start":{"line":142,"column":33},"end":{"line":147,"column":29}}],"line":142},"35":{"loc":{"start":{"line":158,"column":16},"end":{"line":160,"column":17}},"type":"if","locations":[{"start":{"line":158,"column":16},"end":{"line":160,"column":17}},{"start":{"line":158,"column":16},"end":{"line":160,"column":17}}],"line":158},"36":{"loc":{"start":{"line":172,"column":17},"end":{"line":172,"column":27}},"type":"binary-expr","locations":[{"start":{"line":172,"column":17},"end":{"line":172,"column":21}},{"start":{"line":172,"column":25},"end":{"line":172,"column":27}}],"line":172},"37":{"loc":{"start":{"line":191,"column":4},"end":{"line":207,"column":5}},"type":"if","locations":[{"start":{"line":191,"column":4},"end":{"line":207,"column":5}},{"start":{"line":191,"column":4},"end":{"line":207,"column":5}}],"line":191},"38":{"loc":{"start":{"line":199,"column":8},"end":{"line":206,"column":9}},"type":"if","locations":[{"start":{"line":199,"column":8},"end":{"line":206,"column":9}},{"start":{"line":199,"column":8},"end":{"line":206,"column":9}}],"line":199},"39":{"loc":{"start":{"line":199,"column":12},"end":{"line":199,"column":54}},"type":"binary-expr","locations":[{"start":{"line":199,"column":12},"end":{"line":199,"column":40}},{"start":{"line":199,"column":44},"end":{"line":199,"column":54}}],"line":199},"40":{"loc":{"start":{"line":208,"column":3},"end":{"line":208,"column":48}},"type":"cond-expr","locations":[{"start":{"line":208,"column":35},"end":{"line":208,"column":39}},{"start":{"line":208,"column":42},"end":{"line":208,"column":48}}],"line":208}},"s":{"0":1,"1":1,"2":59,"3":59,"4":59,"5":41,"6":59,"7":1,"8":59,"9":59,"10":59,"11":59,"12":59,"13":59,"14":59,"15":69,"16":69,"17":7,"18":62,"19":62,"20":62,"21":1,"22":1,"23":1,"24":0,"25":1,"26":61,"27":3,"28":58,"29":62,"30":2,"31":62,"32":0,"33":62,"34":33,"35":62,"36":1,"37":1,"38":1,"39":1,"40":16,"41":16,"42":4,"43":4,"44":1,"45":1,"46":12,"47":12,"48":4,"49":4,"50":1,"51":1,"52":17,"53":17,"54":3,"55":3,"56":1,"57":1,"58":1,"59":1,"60":62,"61":4,"62":58,"63":18,"64":18,"65":40,"66":58,"67":58,"68":58,"69":58,"70":59,"71":1,"72":1,"73":41,"74":41,"75":41,"76":41,"77":41,"78":51,"79":6,"80":45,"81":1,"82":44,"83":44,"84":1,"85":1,"86":1,"87":1,"88":1,"89":1,"90":1,"91":0,"92":0,"93":0,"94":0,"95":0,"96":0,"97":1,"98":43,"99":44,"100":0,"101":44,"102":0,"103":51,"104":41,"105":1,"106":0,"107":0,"108":0,"109":172,"110":12,"111":1,"112":1,"113":1,"114":0,"115":0,"116":0,"117":0,"118":0},"f":{"0":1,"1":59,"2":59,"3":41,"4":0,"5":172,"6":12,"7":0},"b":{"0":[41,18],"1":[59,18],"2":[7,62],"3":[62,0],"4":[1,61],"5":[0,1],"6":[3,58],"7":[2,60],"8":[0,62],"9":[62,45,41,2],"10":[33,29],"11":[1,1,9,16,4,1,12,4,1,17,3,1,1],"12":[2,2],"13":[0,1],"14":[4,8],"15":[3,1],"16":[2,15],"17":[17,17],"18":[4,58],"19":[18,40],"20":[58,33,18],"21":[3,15],"22":[9,49],"23":[6,3],"24":[15,43],"25":[12,3],"26":[3,55],"27":[5,50],"28":[6,45],"29":[1,44],"30":[44,0],"31":[1,43],"32":[1,0],"33":[0,0],"34":[0,0],"35":[0,44],"36":[0,0],"37":[1,0],"38":[0,0],"39":[0,0],"40":[0,1]},"_coverageSchema":"332fd63041d2c1bcb487cc26dd0d5f7d97098a6c","hash":"fff48947018018720794cd582fbd8dedf20217d1"}
}
