TN:
SF:C:\Projetos\tdd\jest\components\calculator.js
FN:3,(anonymous_0)
FN:5,(anonymous_1)
FNF:2
FNH:1
FNDA:0,(anonymous_0)
FNDA:1,(anonymous_1)
DA:6,1
LF:1
LH:1
BRF:0
BRH:0
end_of_record
TN:
SF:C:\Projetos\tdd\jest\components\sum.js
FN:1,sum
FNF:1
FNH:1
FNDA:1,sum
DA:2,1
LF:1
LH:1
BRF:0
BRH:0
end_of_record
TN:
SF:C:\Projetos\tdd\jest\node_modules__old\glob-parent\index.js
FN:6,globParent
FNF:1
FNH:1
FNDA:16,globParent
DA:3,1
DA:4,1
DA:6,1
DA:7,16
DA:8,20
DA:9,16
LF:6
LH:6
BRF:0
BRH:0
end_of_record
TN:
SF:C:\Projetos\tdd\jest\node_modules__old\source-map-support\source-map-support.js
FN:38,isInBrowser
FN:46,hasGlobalProcessEventEmitter
FN:50,handlerExec
FN:51,(anonymous_3)
FN:64,(anonymous_4)
FN:91,supportRelativeURL
FN:99,retrieveSourceMapURL
FN:136,(anonymous_7)
FN:163,mapSourcePosition
FN:177,(anonymous_9)
FN:214,mapEvalOrigin
FN:243,CallSiteToString
FN:310,cloneCallSite
FN:312,(anonymous_13)
FN:313,(anonymous_14)
FN:319,wrapCallSite
FN:344,(anonymous_16)
FN:345,(anonymous_17)
FN:346,(anonymous_18)
FN:347,(anonymous_19)
FN:356,(anonymous_20)
FN:366,prepareStackTrace
FN:372,(anonymous_22)
FN:378,getErrorSource
FN:405,printErrorAndExit
FN:417,shimEmitUncaughtException
FN:420,(anonymous_26)
FN:439,(anonymous_27)
FN:480,(anonymous_28)
FNF:29
FNH:4
FNDA:0,isInBrowser
FNDA:1,hasGlobalProcessEventEmitter
FNDA:2,handlerExec
FNDA:0,(anonymous_3)
FNDA:0,(anonymous_4)
FNDA:0,supportRelativeURL
FNDA:0,retrieveSourceMapURL
FNDA:0,(anonymous_7)
FNDA:0,mapSourcePosition
FNDA:0,(anonymous_9)
FNDA:0,mapEvalOrigin
FNDA:0,CallSiteToString
FNDA:0,cloneCallSite
FNDA:0,(anonymous_13)
FNDA:0,(anonymous_14)
FNDA:0,wrapCallSite
FNDA:0,(anonymous_16)
FNDA:0,(anonymous_17)
FNDA:0,(anonymous_18)
FNDA:0,(anonymous_19)
FNDA:0,(anonymous_20)
FNDA:0,prepareStackTrace
FNDA:0,(anonymous_22)
FNDA:0,getErrorSource
FNDA:0,printErrorAndExit
FNDA:1,shimEmitUncaughtException
FNDA:0,(anonymous_26)
FNDA:1,(anonymous_27)
FNDA:0,(anonymous_28)
DA:1,1
DA:2,1
DA:5,1
DA:6,1
DA:7,1
DA:9,0
DA:16,1
DA:17,1
DA:20,1
DA:23,1
DA:26,1
DA:29,1
DA:32,1
DA:35,1
DA:36,1
DA:39,0
DA:40,0
DA:41,0
DA:42,0
DA:43,0
DA:47,1
DA:51,2
DA:52,0
DA:53,0
DA:54,0
DA:55,0
DA:58,0
DA:62,1
DA:64,1
DA:66,0
DA:67,0
DA:68,0
DA:71,0
DA:72,0
DA:74,0
DA:75,0
DA:76,0
DA:77,0
DA:78,0
DA:79,0
DA:81,0
DA:83,0
DA:86,0
DA:92,0
DA:93,0
DA:94,0
DA:95,0
DA:96,0
DA:102,0
DA:103,0
DA:104,0
DA:105,0
DA:106,0
DA:107,0
DA:110,0
DA:112,0
DA:113,0
DA:120,0
DA:121,0
DA:125,0
DA:126,0
DA:127,0
DA:135,1
DA:136,1
DA:137,0
DA:138,0
DA:142,0
DA:144,0
DA:145,0
DA:146,0
DA:149,0
DA:150,0
DA:153,0
DA:154,0
DA:157,0
DA:164,0
DA:165,0
DA:167,0
DA:168,0
DA:169,0
DA:176,0
DA:177,0
DA:178,0
DA:179,0
DA:180,0
DA:181,0
DA:186,0
DA:194,0
DA:195,0
DA:202,0
DA:203,0
DA:205,0
DA:209,0
DA:216,0
DA:217,0
DA:218,0
DA:223,0
DA:228,0
DA:229,0
DA:230,0
DA:234,0
DA:245,0
DA:246,0
DA:247,0
DA:249,0
DA:250,0
DA:251,0
DA:252,0
DA:255,0
DA:256,0
DA:261,0
DA:263,0
DA:264,0
DA:265,0
DA:266,0
DA:267,0
DA:268,0
DA:273,0
DA:274,0
DA:275,0
DA:276,0
DA:277,0
DA:278,0
DA:279,0
DA:281,0
DA:282,0
DA:284,0
DA:285,0
DA:286,0
DA:287,0
DA:289,0
DA:290,0
DA:291,0
DA:294,0
DA:296,0
DA:297,0
DA:298,0
DA:299,0
DA:301,0
DA:302,0
DA:304,0
DA:305,0
DA:307,0
DA:311,0
DA:312,0
DA:313,0
DA:315,0
DA:316,0
DA:320,0
DA:321,0
DA:327,0
DA:328,0
DA:329,0
DA:330,0
DA:334,0
DA:335,0
DA:338,0
DA:343,0
DA:344,0
DA:345,0
DA:346,0
DA:347,0
DA:348,0
DA:352,0
DA:353,0
DA:354,0
DA:355,0
DA:356,0
DA:357,0
DA:361,0
DA:367,0
DA:368,0
DA:369,0
DA:372,0
DA:373,0
DA:379,0
DA:380,0
DA:381,0
DA:382,0
DA:383,0
DA:386,0
DA:389,0
DA:390,0
DA:394,0
DA:395,0
DA:396,0
DA:397,0
DA:402,0
DA:406,0
DA:408,0
DA:409,0
DA:410,0
DA:413,0
DA:414,0
DA:418,1
DA:420,1
DA:421,0
DA:422,0
DA:423,0
DA:425,0
DA:426,0
DA:430,0
DA:434,1
DA:435,1
DA:436,1
DA:437,1
DA:439,1
DA:440,1
DA:442,1
DA:443,0
DA:444,0
DA:445,0
DA:451,1
DA:452,0
DA:453,0
DA:456,0
DA:461,1
DA:462,0
DA:463,0
DA:466,0
DA:470,1
DA:472,0
DA:473,0
DA:477,0
DA:479,0
DA:480,0
DA:481,0
DA:482,0
DA:483,0
DA:486,0
DA:491,1
DA:492,1
DA:497,1
DA:498,1
DA:499,1
DA:502,1
DA:503,1
DA:513,1
DA:514,1
DA:515,1
LF:240
LH:42
BRDA:7,0,0,0
BRDA:7,0,1,1
BRDA:7,1,0,1
BRDA:7,1,1,1
BRDA:39,2,0,0
BRDA:39,2,1,0
BRDA:41,3,0,0
BRDA:41,3,1,0
BRDA:43,4,0,0
BRDA:43,4,1,0
BRDA:43,4,2,0
BRDA:43,5,0,0
BRDA:43,5,1,0
BRDA:43,5,2,0
BRDA:43,5,3,0
BRDA:47,6,0,1
BRDA:47,6,1,1
BRDA:47,6,2,1
BRDA:54,7,0,0
BRDA:54,7,1,0
BRDA:67,8,0,0
BRDA:67,8,1,0
BRDA:72,9,0,0
BRDA:72,9,1,0
BRDA:78,10,0,0
BRDA:78,10,1,0
BRDA:78,11,0,0
BRDA:78,11,1,0
BRDA:81,12,0,0
BRDA:81,12,1,0
BRDA:92,13,0,0
BRDA:92,13,1,0
BRDA:95,14,0,0
BRDA:95,14,1,0
BRDA:102,15,0,0
BRDA:102,15,1,0
BRDA:107,16,0,0
BRDA:107,16,1,0
BRDA:110,17,0,0
BRDA:110,17,1,0
BRDA:112,18,0,0
BRDA:112,18,1,0
BRDA:126,19,0,0
BRDA:126,19,1,0
BRDA:138,20,0,0
BRDA:138,20,1,0
BRDA:142,21,0,0
BRDA:142,21,1,0
BRDA:153,22,0,0
BRDA:153,22,1,0
BRDA:165,23,0,0
BRDA:165,23,1,0
BRDA:168,24,0,0
BRDA:168,24,1,0
BRDA:176,25,0,0
BRDA:176,25,1,0
BRDA:179,26,0,0
BRDA:179,26,1,0
BRDA:194,27,0,0
BRDA:194,27,1,0
BRDA:194,28,0,0
BRDA:194,28,1,0
BRDA:202,29,0,0
BRDA:202,29,1,0
BRDA:217,30,0,0
BRDA:217,30,1,0
BRDA:229,31,0,0
BRDA:229,31,1,0
BRDA:246,32,0,0
BRDA:246,32,1,0
BRDA:250,33,0,0
BRDA:250,33,1,0
BRDA:250,34,0,0
BRDA:250,34,1,0
BRDA:255,35,0,0
BRDA:255,35,1,0
BRDA:264,36,0,0
BRDA:264,36,1,0
BRDA:267,37,0,0
BRDA:267,37,1,0
BRDA:277,38,0,0
BRDA:277,38,1,0
BRDA:278,39,0,0
BRDA:278,39,1,0
BRDA:281,40,0,0
BRDA:281,40,1,0
BRDA:285,41,0,0
BRDA:285,41,1,0
BRDA:286,42,0,0
BRDA:286,42,1,0
BRDA:286,43,0,0
BRDA:286,43,1,0
BRDA:290,44,0,0
BRDA:290,44,1,0
BRDA:290,45,0,0
BRDA:290,45,1,0
BRDA:294,46,0,0
BRDA:294,46,1,0
BRDA:296,47,0,0
BRDA:296,47,1,0
BRDA:297,48,0,0
BRDA:297,48,1,0
BRDA:298,49,0,0
BRDA:298,49,1,0
BRDA:304,50,0,0
BRDA:304,50,1,0
BRDA:313,51,0,0
BRDA:313,51,1,0
BRDA:320,52,0,0
BRDA:320,52,1,0
BRDA:327,53,0,0
BRDA:327,53,1,0
BRDA:328,54,0,0
BRDA:328,54,1,0
BRDA:334,55,0,0
BRDA:334,55,1,0
BRDA:334,56,0,0
BRDA:334,56,1,0
BRDA:334,56,2,0
BRDA:352,57,0,0
BRDA:352,57,1,0
BRDA:353,58,0,0
BRDA:353,58,1,0
BRDA:367,59,0,0
BRDA:367,59,1,0
BRDA:380,60,0,0
BRDA:380,60,1,0
BRDA:389,61,0,0
BRDA:389,61,1,0
BRDA:389,62,0,0
BRDA:389,62,1,0
BRDA:389,62,2,0
BRDA:394,63,0,0
BRDA:394,63,1,0
BRDA:396,64,0,0
BRDA:396,64,1,0
BRDA:408,65,0,0
BRDA:408,65,1,0
BRDA:421,66,0,0
BRDA:421,66,1,0
BRDA:422,67,0,0
BRDA:422,67,1,0
BRDA:425,68,0,0
BRDA:425,68,1,0
BRDA:425,69,0,0
BRDA:425,69,1,0
BRDA:440,70,0,1
BRDA:440,70,1,0
BRDA:442,71,0,0
BRDA:442,71,1,1
BRDA:444,72,0,0
BRDA:444,72,1,0
BRDA:451,73,0,0
BRDA:451,73,1,1
BRDA:452,74,0,0
BRDA:452,74,1,0
BRDA:461,75,0,0
BRDA:461,75,1,1
BRDA:462,76,0,0
BRDA:462,76,1,0
BRDA:470,77,0,0
BRDA:470,77,1,1
BRDA:470,78,0,1
BRDA:470,78,1,0
BRDA:479,79,0,0
BRDA:479,79,1,0
BRDA:491,80,0,1
BRDA:491,80,1,0
BRDA:492,81,0,1
BRDA:492,81,1,0
BRDA:497,82,0,1
BRDA:497,82,1,0
BRDA:502,83,0,1
BRDA:502,83,1,0
BRDA:503,84,0,0
BRDA:503,84,1,1
BRDA:513,85,0,1
BRDA:513,85,1,0
BRDA:513,86,0,1
BRDA:513,86,1,1
BRF:180
BRH:20
end_of_record
TN:
SF:C:\Projetos\tdd\jest\node_modules__old\sprintf-js\src\sprintf.js
FN:1,(anonymous_0)
FN:16,sprintf
FN:24,(anonymous_2)
FN:123,(anonymous_3)
FN:171,(anonymous_4)
FN:180,get_type
FN:184,str_repeat
FN:200,(anonymous_7)
FNF:8
FNH:6
FNDA:1,(anonymous_0)
FNDA:59,sprintf
FNDA:59,(anonymous_2)
FNDA:41,(anonymous_3)
FNDA:0,(anonymous_4)
FNDA:172,get_type
FNDA:12,str_repeat
FNDA:0,(anonymous_7)
DA:1,1
DA:2,1
DA:17,59
DA:18,59
DA:19,41
DA:21,59
DA:24,1
DA:25,59
DA:26,59
DA:27,69
DA:28,69
DA:29,7
DA:31,62
DA:32,62
DA:33,62
DA:34,1
DA:35,1
DA:36,1
DA:37,0
DA:39,1
DA:42,61
DA:43,3
DA:46,58
DA:49,62
DA:50,2
DA:53,62
DA:54,0
DA:57,62
DA:58,33
DA:61,62
DA:63,1
DA:64,1
DA:66,1
DA:67,1
DA:70,16
DA:71,16
DA:73,4
DA:74,4
DA:76,1
DA:77,1
DA:79,12
DA:80,12
DA:82,4
DA:83,4
DA:85,1
DA:86,1
DA:88,17
DA:89,17
DA:91,3
DA:92,3
DA:94,1
DA:95,1
DA:97,1
DA:98,1
DA:100,62
DA:101,4
DA:104,58
DA:105,18
DA:106,18
DA:109,40
DA:111,58
DA:112,58
DA:113,58
DA:114,58
DA:118,59
DA:121,1
DA:123,1
DA:124,41
DA:125,41
DA:126,51
DA:127,6
DA:129,45
DA:130,1
DA:132,44
DA:133,44
DA:134,1
DA:135,1
DA:136,1
DA:137,1
DA:138,1
DA:139,0
DA:140,0
DA:142,0
DA:143,0
DA:146,0
DA:151,0
DA:153,1
DA:156,43
DA:158,44
DA:159,0
DA:161,44
DA:164,0
DA:166,51
DA:168,41
DA:171,1
DA:172,0
DA:173,0
DA:174,0
DA:181,172
DA:185,12
DA:191,1
DA:192,1
DA:193,1
DA:196,0
DA:197,0
DA:199,0
DA:200,0
DA:201,0
LF:108
LH:90
BRDA:18,0,0,41
BRDA:18,0,1,18
BRDA:18,1,0,59
BRDA:18,1,1,18
BRDA:28,2,0,7
BRDA:28,2,1,62
BRDA:31,3,0,62
BRDA:31,3,1,0
BRDA:33,4,0,1
BRDA:33,4,1,61
BRDA:36,5,0,0
BRDA:36,5,1,1
BRDA:42,6,0,3
BRDA:42,6,1,58
BRDA:49,7,0,2
BRDA:49,7,1,60
BRDA:53,8,0,0
BRDA:53,8,1,62
BRDA:53,9,0,62
BRDA:53,9,1,45
BRDA:53,9,2,41
BRDA:53,9,3,2
BRDA:57,10,0,33
BRDA:57,10,1,29
BRDA:61,11,0,1
BRDA:61,11,1,1
BRDA:61,11,2,9
BRDA:61,11,3,16
BRDA:61,11,4,4
BRDA:61,11,5,1
BRDA:61,11,6,12
BRDA:61,11,7,4
BRDA:61,11,8,1
BRDA:61,11,9,17
BRDA:61,11,10,3
BRDA:61,11,11,1
BRDA:61,11,12,1
BRDA:73,12,0,2
BRDA:73,12,1,2
BRDA:76,13,0,0
BRDA:76,13,1,1
BRDA:79,14,0,4
BRDA:79,14,1,8
BRDA:82,15,0,3
BRDA:82,15,1,1
BRDA:88,16,0,2
BRDA:88,16,1,15
BRDA:88,17,0,17
BRDA:88,17,1,17
BRDA:100,18,0,4
BRDA:100,18,1,58
BRDA:104,19,0,18
BRDA:104,19,1,40
BRDA:104,20,0,58
BRDA:104,20,1,33
BRDA:104,20,2,18
BRDA:105,21,0,3
BRDA:105,21,1,15
BRDA:111,22,0,9
BRDA:111,22,1,49
BRDA:111,23,0,6
BRDA:111,23,1,3
BRDA:113,24,0,15
BRDA:113,24,1,43
BRDA:113,25,0,12
BRDA:113,25,1,3
BRDA:114,26,0,3
BRDA:114,26,1,55
BRDA:114,27,0,5
BRDA:114,27,1,50
BRDA:126,28,0,6
BRDA:126,28,1,45
BRDA:129,29,0,1
BRDA:129,29,1,44
BRDA:132,30,0,44
BRDA:132,30,1,0
BRDA:133,31,0,1
BRDA:133,31,1,43
BRDA:136,32,0,1
BRDA:136,32,1,0
BRDA:139,33,0,0
BRDA:139,33,1,0
BRDA:142,34,0,0
BRDA:142,34,1,0
BRDA:158,35,0,0
BRDA:158,35,1,44
BRDA:172,36,0,0
BRDA:172,36,1,0
BRDA:191,37,0,1
BRDA:191,37,1,0
BRDA:199,38,0,0
BRDA:199,38,1,0
BRDA:199,39,0,0
BRDA:199,39,1,0
BRDA:208,40,0,0
BRDA:208,40,1,1
BRF:96
BRH:77
end_of_record
